<?xml version="1.0" encoding="UTF-8" standalone="no"?><?xml-stylesheet type="text/xsl" href="./abstr.xsl"?><abstr><node label="StmtExpr"><node label="Stmts"><node label="ExprStmt"><node label="BinExpr" spec="ADD"><node label="AtomExpr" lexeme="1" spec="INT"><location loc="2.2--2.2"/></node><node label="AtomExpr" lexeme="1" spec="INT"><location loc="2.4--2.4"/></node><location loc="2.2--2.4"/></node><location loc="2.2--2.4"/></node><node label="AssignStmt"><node label="VarName" lexeme="a"><location loc="3.2--3.2"/></node><node label="AtomExpr" lexeme="1" spec="INT"><location loc="3.6--3.6"/></node><location loc="3.2--3.6"/></node><node label="IfStmt"><node label="BinExpr" spec="EQU"><node label="VarName" lexeme="a"><location loc="4.5--4.5"/></node><node label="AtomExpr" lexeme="3" spec="INT"><location loc="4.10--4.10"/></node><location loc="4.5--4.10"/></node><node label="Stmts"><node label="AssignStmt"><node label="VarName" lexeme="b"><location loc="4.17--4.17"/></node><node label="AtomExpr" lexeme="2" spec="INT"><location loc="4.21--4.21"/></node><location loc="4.17--4.21"/></node><location loc="4.17--4.21"/></node><node label="Stmts"><node label="AssignStmt"><node label="VarName" lexeme="b"><location loc="4.28--4.28"/></node><node label="AtomExpr" lexeme="3" spec="INT"><location loc="4.32--4.32"/></node><location loc="4.28--4.32"/></node><location loc="4.28--4.32"/></node><location loc="4.2--4.36"/></node><node label="WhileStmt"><node label="BinExpr" spec="EQU"><node label="VarName" lexeme="b"><location loc="5.8--5.8"/></node><node label="AtomExpr" lexeme="2" spec="INT"><location loc="5.13--5.13"/></node><location loc="5.8--5.13"/></node><node label="Stmts"><node label="AssignStmt"><node label="VarName" lexeme="b"><location loc="6.3--6.3"/></node><node label="AtomExpr" lexeme="3" spec="INT"><location loc="6.7--6.7"/></node><location loc="6.3--6.7"/></node><node label="AssignStmt"><node label="VarName" lexeme="c"><location loc="7.3--7.3"/></node><node label="AtomExpr" lexeme="4" spec="INT"><location loc="7.7--7.7"/></node><location loc="7.3--7.7"/></node><location loc="6.3--7.7"/></node><location loc="5.2--8.4"/></node><location loc="2.2--8.4"/></node><node label="AtomExpr" lexeme="none" spec="VOID"><location loc="10.2--10.5"/></node><location loc="1.1--11.1"/></node></abstr>