<?xml version="1.0" encoding="UTF-8" standalone="no"?><?xml-stylesheet type="text/xsl" href="./abstr.xsl"?><abstr><node label="StmtExpr"><node label="Decls"><node label="VarDecl" lexeme="a"><node label="AtomType" spec="INT"><location loc="12.17--12.19"/></node><location loc="12.11--12.19"/></node><node label="TypeDecl" lexeme="b"><node label="AtomType" spec="INT"><location loc="12.28--12.30"/></node><location loc="12.22--12.30"/></node><location loc="12.11--12.30"/></node><node label="Stmts"><node label="ExprStmt"><node label="AtomExpr" lexeme="1" spec="INT"><location loc="2.5--2.5"/></node><location loc="2.5--2.5"/></node><node label="ExprStmt"><node label="BinExpr" spec="IOR"><node label="BinExpr" spec="XOR"><node label="AtomExpr" lexeme="true" spec="BOOL"><location loc="3.5--3.8"/></node><node label="AtomExpr" lexeme="false" spec="BOOL"><location loc="3.12--3.16"/></node><location loc="3.5--3.16"/></node><node label="BinExpr" spec="AND"><node label="AtomExpr" lexeme="true" spec="BOOL"><location loc="3.20--3.23"/></node><node label="AtomExpr" lexeme="false" spec="BOOL"><location loc="3.27--3.31"/></node><location loc="3.20--3.31"/></node><location loc="3.5--3.31"/></node><location loc="3.5--3.31"/></node><node label="ExprStmt"><node label="BinExpr" spec="AND"><node label="AtomExpr" lexeme="true" spec="BOOL"><location loc="4.5--4.8"/></node><node label="BinExpr" spec="EQU"><node label="AtomExpr" lexeme="1" spec="INT"><location loc="4.12--4.12"/></node><node label="AtomExpr" lexeme="2" spec="INT"><location loc="4.17--4.17"/></node><location loc="4.12--4.17"/></node><location loc="4.5--4.17"/></node><location loc="4.5--4.17"/></node><node label="ExprStmt"><node label="BinExpr" spec="EQU"><node label="AtomExpr" lexeme="1" spec="INT"><location loc="5.5--5.5"/></node><node label="BinExpr" spec="SUB"><node label="BinExpr" spec="ADD"><node label="AtomExpr" lexeme="3" spec="INT"><location loc="5.10--5.10"/></node><node label="AtomExpr" lexeme="4" spec="INT"><location loc="5.14--5.14"/></node><location loc="5.10--5.14"/></node><node label="AtomExpr" lexeme="5" spec="INT"><location loc="5.18--5.18"/></node><location loc="5.10--5.18"/></node><location loc="5.5--5.18"/></node><location loc="5.5--5.18"/></node><node label="ExprStmt"><node label="BinExpr" spec="MOD"><node label="AtomExpr" lexeme="7" spec="INT"><location loc="7.5--7.5"/></node><node label="UnExpr" spec="SUB"><node label="AtomExpr" lexeme="1" spec="INT"><location loc="7.10--7.10"/></node><location loc="7.9--7.10"/></node><location loc="7.5--7.10"/></node><location loc="7.5--7.10"/></node><node label="ExprStmt"><node label="DelExpr"><node label="ArrExpr"><node label="RecExpr"><node label="VarName" lexeme="a"><location loc="8.9--8.9"/></node><node label="VarName" lexeme="c"><location loc="8.11--8.11"/></node><location loc="8.9--8.11"/></node><node label="AtomExpr" lexeme="10" spec="INT"><location loc="8.13--8.14"/></node><location loc="8.9--8.15"/></node><location loc="8.5--8.15"/></node><location loc="8.5--8.15"/></node><node label="ExprStmt"><node label="CastExpr"><node label="AtomType" spec="CHAR"><location loc="9.6--9.9"/></node><node label="AtomExpr" lexeme="40" spec="INT"><location loc="9.12--9.13"/></node><location loc="9.5--9.13"/></node><location loc="9.5--9.13"/></node><location loc="2.5--9.13"/></node><node label="FunName" lexeme="f"><node label="Args"><node label="VarName" lexeme="a"><location loc="11.7--11.9"/></node><node label="VarName" lexeme="b"><location loc="11.12--11.12"/></node><node label="VarName" lexeme="c"><location loc="11.15--11.15"/></node><location loc="11.7--11.15"/></node><location loc="11.5--11.16"/></node><location loc="1.1--13.1"/></node></abstr>