<?xml version="1.0" encoding="UTF-8" standalone="no"?><?xml-stylesheet type="text/xsl" href="./abstr.xsl"?><abstr><node label="StmtExpr"><node label="Decls"><node label="TypeDecl" lexeme="a"><node label="ArrType"><node label="AtomExpr" lexeme="50" spec="INT"><location loc="6.22--6.23"/></node><node label="AtomType" spec="INT"><location loc="6.26--6.28"/></node><location loc="6.17--6.28"/></node><location loc="6.9--6.28"/></node><node label="VarDecl" lexeme="b"><node label="RecType"><node label="CompDecls"><node label="CompDecl" lexeme="a"><node label="AtomType" spec="VOID"><location loc="8.23--8.26"/></node><location loc="8.21--8.26"/></node><node label="CompDecl" lexeme="b"><node label="AtomType" spec="BOOL"><location loc="9.23--9.26"/></node><location loc="9.21--9.26"/></node><node label="CompDecl" lexeme="c"><node label="AtomType" spec="CHAR"><location loc="10.23--10.26"/></node><location loc="10.21--10.26"/></node><node label="CompDecl" lexeme="d"><node label="AtomType" spec="INT"><location loc="11.23--11.25"/></node><location loc="11.21--11.25"/></node><node label="CompDecl" lexeme="e"><node label="ArrType"><node label="AtomExpr" lexeme="100" spec="INT"><location loc="12.28--12.30"/></node><node label="RecType"><node label="CompDecls"><node label="CompDecl" lexeme="a"><node label="PtrType"><node label="AtomType" spec="INT"><location loc="12.44--12.46"/></node><location loc="12.40--12.46"/></node><location loc="12.38--12.46"/></node><node label="CompDecl" lexeme="b"><node label="TypeName" lexeme="AbsExpr"><location loc="12.51--12.57"/></node><location loc="12.49--12.57"/></node><location loc="12.38--12.57"/></node><location loc="12.33--12.58"/></node><location loc="12.23--12.58"/></node><location loc="12.21--12.58"/></node><node label="CompDecl" lexeme="f"><node label="RecType"><node label="CompDecls"><node label="CompDecl" lexeme="good_member_name"><node label="TypeName" lexeme="some_custom_type_name"><location loc="14.42--14.62"/></node><location loc="14.25--14.62"/></node><node label="CompDecl" lexeme="another_member_name"><node label="TypeName" lexeme="another_custom_type_name"><location loc="15.45--15.68"/></node><location loc="15.25--15.68"/></node><location loc="14.25--15.68"/></node><location loc="13.23--15.69"/></node><location loc="13.21--15.69"/></node><node label="CompDecl" lexeme="g"><node label="PtrType"><node label="AtomType" spec="BOOL"><location loc="16.27--16.30"/></node><location loc="16.23--16.30"/></node><location loc="16.21--16.30"/></node><node label="CompDecl" lexeme="h"><node label="TypeName" lexeme="another_custom_type_name"><location loc="17.23--17.46"/></node><location loc="17.21--17.46"/></node><location loc="8.21--17.46"/></node><location loc="7.17--17.47"/></node><location loc="7.9--17.47"/></node><node label="FunDef" lexeme="c"><node label="ParDecls"><node label="ParDecl" lexeme="array"><node label="ArrType"><node label="AtomExpr" lexeme="10" spec="INT"><location loc="18.26--18.27"/></node><node label="AtomType" spec="INT"><location loc="18.30--18.32"/></node><location loc="18.21--18.32"/></node><location loc="18.15--18.32"/></node><node label="ParDecl" lexeme="record"><node label="RecType"><node label="CompDecls"><node label="CompDecl" lexeme="x"><node label="AtomType" spec="INT"><location loc="18.49--18.51"/></node><location loc="18.47--18.51"/></node><node label="CompDecl" lexeme="y"><node label="AtomType" spec="INT"><location loc="18.56--18.58"/></node><location loc="18.54--18.58"/></node><location loc="18.47--18.58"/></node><location loc="18.43--18.59"/></node><location loc="18.35--18.59"/></node><location loc="18.15--18.59"/></node><node label="AtomType" spec="INT"><location loc="18.62--18.64"/></node><node label="BinExpr" spec="ADD"><node label="AtomExpr" lexeme="1" spec="INT"><location loc="18.67--18.67"/></node><node label="AtomExpr" lexeme="1" spec="INT"><location loc="18.69--18.69"/></node><location loc="18.67--18.69"/></node><location loc="18.9--18.69"/></node><node label="FunDecl" lexeme="d"><node label="ParDecls"><node label="ParDecl" lexeme="arg1"><node label="AtomType" spec="VOID"><location loc="19.20--19.23"/></node><location loc="19.15--19.23"/></node><node label="ParDecl" lexeme="arg2"><node label="PtrType"><node label="AtomType" spec="VOID"><location loc="19.35--19.38"/></node><location loc="19.31--19.38"/></node><location loc="19.26--19.38"/></node><location loc="19.15--19.38"/></node><node label="AtomType" spec="VOID"><location loc="19.41--19.44"/></node><location loc="19.9--19.44"/></node><location loc="6.9--19.44"/></node><node label="Stmts"><node label="ExprStmt"><node label="AtomExpr" lexeme="none" spec="VOID"><location loc="2.5--2.8"/></node><location loc="2.5--2.8"/></node><location loc="2.5--2.8"/></node><node label="AtomExpr" lexeme="none" spec="VOID"><location loc="4.5--4.8"/></node><location loc="1.1--20.1"/></node></abstr>