<?xml version="1.0" encoding="UTF-8" standalone="no"?><?xml-stylesheet type="text/xsl" href="./abstr.xsl"?><abstr><node label="StmtExpr"><node label="Stmts"><node label="ExprStmt"><node label="BinExpr" spec="ADD"><node label="AtomExpr" lexeme="1" spec="INT"><location loc="2.5--2.5"/></node><node label="AtomExpr" lexeme="1" spec="INT"><location loc="2.7--2.7"/></node><location loc="2.5--2.7"/></node><location loc="2.5--2.7"/></node><node label="AssignStmt"><node label="VarName" lexeme="a"><location loc="3.5--3.5"/></node><node label="AtomExpr" lexeme="1" spec="INT"><location loc="3.9--3.9"/></node><location loc="3.5--3.9"/></node><node label="IfStmt"><node label="BinExpr" spec="EQU"><node label="VarName" lexeme="a"><location loc="4.8--4.8"/></node><node label="AtomExpr" lexeme="3" spec="INT"><location loc="4.13--4.13"/></node><location loc="4.8--4.13"/></node><node label="Stmts"><node label="AssignStmt"><node label="VarName" lexeme="b"><location loc="4.20--4.20"/></node><node label="AtomExpr" lexeme="2" spec="INT"><location loc="4.24--4.24"/></node><location loc="4.20--4.24"/></node><location loc="4.20--4.24"/></node><node label="Stmts"><node label="AssignStmt"><node label="VarName" lexeme="b"><location loc="4.31--4.31"/></node><node label="AtomExpr" lexeme="3" spec="INT"><location loc="4.35--4.35"/></node><location loc="4.31--4.35"/></node><location loc="4.31--4.35"/></node><location loc="4.5--4.39"/></node><node label="WhileStmt"><node label="BinExpr" spec="EQU"><node label="VarName" lexeme="b"><location loc="5.11--5.11"/></node><node label="AtomExpr" lexeme="2" spec="INT"><location loc="5.16--5.16"/></node><location loc="5.11--5.16"/></node><node label="Stmts"><node label="AssignStmt"><node label="VarName" lexeme="b"><location loc="6.9--6.9"/></node><node label="AtomExpr" lexeme="3" spec="INT"><location loc="6.13--6.13"/></node><location loc="6.9--6.13"/></node><node label="AssignStmt"><node label="VarName" lexeme="c"><location loc="7.9--7.9"/></node><node label="AtomExpr" lexeme="4" spec="INT"><location loc="7.13--7.13"/></node><location loc="7.9--7.13"/></node><location loc="6.9--7.13"/></node><location loc="5.5--8.7"/></node><location loc="2.5--8.7"/></node><node label="AtomExpr" lexeme="none" spec="VOID"><location loc="10.5--10.8"/></node><location loc="1.1--11.1"/></node></abstr>