<?xml version="1.0" encoding="UTF-8" standalone="no"?><?xml-stylesheet type="text/xsl" href="./abstr.xsl"?><abstr><node label="StmtExpr"><node label="Decls"><node label="TypeDecl" lexeme="a"><node label="ArrType"><node label="AtomExpr" lexeme="50" spec="INT"><location loc="6.16--6.17"/></node><node label="AtomType" spec="INT"><location loc="6.20--6.22"/></node><location loc="6.11--6.22"/></node><location loc="6.3--6.22"/></node><node label="VarDecl" lexeme="b"><node label="RecType"><node label="CompDecls"><node label="CompDecl" lexeme="a"><node label="AtomType" spec="VOID"><location loc="8.8--8.11"/></node><location loc="8.6--8.11"/></node><node label="CompDecl" lexeme="b"><node label="AtomType" spec="BOOL"><location loc="9.8--9.11"/></node><location loc="9.6--9.11"/></node><node label="CompDecl" lexeme="c"><node label="AtomType" spec="CHAR"><location loc="10.8--10.11"/></node><location loc="10.6--10.11"/></node><node label="CompDecl" lexeme="d"><node label="AtomType" spec="INT"><location loc="11.8--11.10"/></node><location loc="11.6--11.10"/></node><node label="CompDecl" lexeme="e"><node label="ArrType"><node label="AtomExpr" lexeme="100" spec="INT"><location loc="12.13--12.15"/></node><node label="RecType"><node label="CompDecls"><node label="CompDecl" lexeme="a"><node label="PtrType"><node label="AtomType" spec="INT"><location loc="12.29--12.31"/></node><location loc="12.25--12.31"/></node><location loc="12.23--12.31"/></node><node label="CompDecl" lexeme="b"><node label="TypeName" lexeme="AbsExpr"><location loc="12.36--12.42"/></node><location loc="12.34--12.42"/></node><location loc="12.23--12.42"/></node><location loc="12.18--12.43"/></node><location loc="12.8--12.43"/></node><location loc="12.6--12.43"/></node><node label="CompDecl" lexeme="f"><node label="RecType"><node label="CompDecls"><node label="CompDecl" lexeme="good_member_name"><node label="TypeName" lexeme="some_custom_type_name"><location loc="14.24--14.44"/></node><location loc="14.7--14.44"/></node><node label="CompDecl" lexeme="another_member_name"><node label="TypeName" lexeme="another_custom_type_name"><location loc="15.27--15.50"/></node><location loc="15.7--15.50"/></node><location loc="14.7--15.50"/></node><location loc="13.8--15.51"/></node><location loc="13.6--15.51"/></node><node label="CompDecl" lexeme="g"><node label="PtrType"><node label="AtomType" spec="BOOL"><location loc="16.12--16.15"/></node><location loc="16.8--16.15"/></node><location loc="16.6--16.15"/></node><node label="CompDecl" lexeme="h"><node label="TypeName" lexeme="another_custom_type_name"><location loc="17.8--17.31"/></node><location loc="17.6--17.31"/></node><location loc="8.6--17.31"/></node><location loc="7.11--17.32"/></node><location loc="7.3--17.32"/></node><node label="FunDef" lexeme="c"><node label="ParDecls"><node label="ParDecl" lexeme="array"><node label="ArrType"><node label="AtomExpr" lexeme="10" spec="INT"><location loc="18.20--18.21"/></node><node label="AtomType" spec="INT"><location loc="18.24--18.26"/></node><location loc="18.15--18.26"/></node><location loc="18.9--18.26"/></node><node label="ParDecl" lexeme="record"><node label="RecType"><node label="CompDecls"><node label="CompDecl" lexeme="x"><node label="AtomType" spec="INT"><location loc="18.43--18.45"/></node><location loc="18.41--18.45"/></node><node label="CompDecl" lexeme="y"><node label="AtomType" spec="INT"><location loc="18.50--18.52"/></node><location loc="18.48--18.52"/></node><location loc="18.41--18.52"/></node><location loc="18.37--18.53"/></node><location loc="18.29--18.53"/></node><location loc="18.9--18.53"/></node><node label="AtomType" spec="INT"><location loc="18.56--18.58"/></node><node label="BinExpr" spec="ADD"><node label="AtomExpr" lexeme="1" spec="INT"><location loc="18.61--18.61"/></node><node label="AtomExpr" lexeme="1" spec="INT"><location loc="18.63--18.63"/></node><location loc="18.61--18.63"/></node><location loc="18.3--18.63"/></node><node label="FunDecl" lexeme="d"><node label="ParDecls"><node label="ParDecl" lexeme="arg1"><node label="AtomType" spec="VOID"><location loc="19.14--19.17"/></node><location loc="19.9--19.17"/></node><node label="ParDecl" lexeme="arg2"><node label="PtrType"><node label="AtomType" spec="VOID"><location loc="19.29--19.32"/></node><location loc="19.25--19.32"/></node><location loc="19.20--19.32"/></node><location loc="19.9--19.32"/></node><node label="AtomType" spec="VOID"><location loc="19.35--19.38"/></node><location loc="19.3--19.38"/></node><location loc="6.3--19.38"/></node><node label="Stmts"><node label="ExprStmt"><node label="AtomExpr" lexeme="none" spec="VOID"><location loc="2.2--2.5"/></node><location loc="2.2--2.5"/></node><location loc="2.2--2.5"/></node><node label="AtomExpr" lexeme="none" spec="VOID"><location loc="4.2--4.5"/></node><location loc="1.1--20.1"/></node></abstr>