<?xml version="1.0" encoding="UTF-8" standalone="no"?><?xml-stylesheet type="text/xsl" href="./abstr.xsl"?><abstr><node label="StmtExpr"><node label="Decls"><node label="VarDecl" lexeme="a"><node label="AtomType" spec="INT"><location loc="12.14--12.16"/></node><location loc="12.8--12.16"/></node><node label="TypeDecl" lexeme="b"><node label="AtomType" spec="INT"><location loc="12.25--12.27"/></node><location loc="12.19--12.27"/></node><location loc="12.8--12.27"/></node><node label="Stmts"><node label="ExprStmt"><node label="AtomExpr" lexeme="1" spec="INT"><location loc="2.2--2.2"/></node><location loc="2.2--2.2"/></node><node label="ExprStmt"><node label="BinExpr" spec="IOR"><node label="BinExpr" spec="XOR"><node label="AtomExpr" lexeme="true" spec="BOOL"><location loc="3.2--3.5"/></node><node label="AtomExpr" lexeme="false" spec="BOOL"><location loc="3.9--3.13"/></node><location loc="3.2--3.13"/></node><node label="BinExpr" spec="AND"><node label="AtomExpr" lexeme="true" spec="BOOL"><location loc="3.17--3.20"/></node><node label="AtomExpr" lexeme="false" spec="BOOL"><location loc="3.24--3.28"/></node><location loc="3.17--3.28"/></node><location loc="3.2--3.28"/></node><location loc="3.2--3.28"/></node><node label="ExprStmt"><node label="BinExpr" spec="AND"><node label="AtomExpr" lexeme="true" spec="BOOL"><location loc="4.2--4.5"/></node><node label="BinExpr" spec="EQU"><node label="AtomExpr" lexeme="1" spec="INT"><location loc="4.9--4.9"/></node><node label="AtomExpr" lexeme="2" spec="INT"><location loc="4.14--4.14"/></node><location loc="4.9--4.14"/></node><location loc="4.2--4.14"/></node><location loc="4.2--4.14"/></node><node label="ExprStmt"><node label="BinExpr" spec="EQU"><node label="AtomExpr" lexeme="1" spec="INT"><location loc="5.2--5.2"/></node><node label="BinExpr" spec="SUB"><node label="BinExpr" spec="ADD"><node label="AtomExpr" lexeme="3" spec="INT"><location loc="5.7--5.7"/></node><node label="AtomExpr" lexeme="4" spec="INT"><location loc="5.11--5.11"/></node><location loc="5.7--5.11"/></node><node label="AtomExpr" lexeme="5" spec="INT"><location loc="5.15--5.15"/></node><location loc="5.7--5.15"/></node><location loc="5.2--5.15"/></node><location loc="5.2--5.15"/></node><node label="ExprStmt"><node label="BinExpr" spec="MOD"><node label="AtomExpr" lexeme="7" spec="INT"><location loc="7.2--7.2"/></node><node label="UnExpr" spec="SUB"><node label="AtomExpr" lexeme="1" spec="INT"><location loc="7.7--7.7"/></node><location loc="7.6--7.7"/></node><location loc="7.2--7.7"/></node><location loc="7.2--7.7"/></node><node label="ExprStmt"><node label="DelExpr"><node label="ArrExpr"><node label="RecExpr"><node label="VarName" lexeme="a"><location loc="8.6--8.6"/></node><node label="VarName" lexeme="c"><location loc="8.8--8.8"/></node><location loc="8.6--8.8"/></node><node label="AtomExpr" lexeme="10" spec="INT"><location loc="8.10--8.11"/></node><location loc="8.6--8.12"/></node><location loc="8.2--8.12"/></node><location loc="8.2--8.12"/></node><node label="ExprStmt"><node label="CastExpr"><node label="AtomType" spec="CHAR"><location loc="9.3--9.6"/></node><node label="AtomExpr" lexeme="40" spec="INT"><location loc="9.9--9.10"/></node><location loc="9.2--9.10"/></node><location loc="9.2--9.10"/></node><location loc="2.2--9.10"/></node><node label="FunName" lexeme="f"><node label="Args"><node label="VarName" lexeme="a"><location loc="11.4--11.6"/></node><node label="VarName" lexeme="b"><location loc="11.9--11.9"/></node><node label="VarName" lexeme="c"><location loc="11.12--11.12"/></node><location loc="11.4--11.12"/></node><location loc="11.2--11.13"/></node><location loc="1.1--13.1"/></node></abstr>