<?xml version="1.0" encoding="UTF-8" standalone="no"?><?xml-stylesheet type="text/xsl" href="./abstr.xsl"?><abstr><node label="StmtExpr"><node label="Decls"><node label="VarDecl" lexeme="a"><node label="AtomType" spec="INT"><location loc="6.12--6.14"/></node><location loc="6.6--6.14"/></node><node label="VarDecl" lexeme="b"><node label="AtomType" spec="BOOL"><location loc="7.12--7.15"/></node><location loc="7.6--7.15"/></node><node label="VarDecl" lexeme="c"><node label="AtomType" spec="CHAR"><location loc="8.12--8.15"/></node><location loc="8.6--8.15"/></node><node label="VarDecl" lexeme="d"><node label="AtomType" spec="INT"><location loc="9.12--9.14"/></node><location loc="9.6--9.14"/></node><node label="VarDecl" lexeme="e"><node label="ArrType"><node label="AtomExpr" lexeme="10" spec="INT"><location loc="10.17--10.18"/></node><node label="AtomType" spec="INT"><location loc="10.21--10.23"/></node><location loc="10.12--10.23"/></node><location loc="10.6--10.23"/></node><node label="VarDecl" lexeme="f"><node label="RecType"><node label="CompDecls"><node label="CompDecl" lexeme="x"><node label="AtomType" spec="INT"><location loc="11.18--11.20"/></node><location loc="11.16--11.20"/></node><node label="CompDecl" lexeme="y"><node label="AtomType" spec="INT"><location loc="11.25--11.27"/></node><location loc="11.23--11.27"/></node><location loc="11.16--11.27"/></node><location loc="11.12--11.28"/></node><location loc="11.6--11.28"/></node><node label="VarDecl" lexeme="g"><node label="PtrType"><node label="AtomType" spec="INT"><location loc="12.16--12.18"/></node><location loc="12.12--12.18"/></node><location loc="12.6--12.18"/></node><node label="VarDecl" lexeme="h"><node label="TypeName" lexeme="my_own_type"><location loc="13.12--13.22"/></node><location loc="13.6--13.22"/></node><node label="VarDecl" lexeme="horribly_nested"><node label="ArrType"><node label="AtomExpr" lexeme="10" spec="INT"><location loc="15.30--15.31"/></node><node label="RecType"><node label="CompDecls"><node label="CompDecl" lexeme="array"><node label="ArrType"><node label="AtomExpr" lexeme="10" spec="INT"><location loc="15.47--15.48"/></node><node label="RecType"><node label="CompDecls"><node label="CompDecl" lexeme="record"><node label="RecType"><node label="CompDecls"><node label="CompDecl" lexeme="vec2"><node label="RecType"><node label="CompDecls"><node label="CompDecl" lexeme="x"><node label="AtomType" spec="INT"><location loc="15.76--15.78"/></node><location loc="15.74--15.78"/></node><node label="CompDecl" lexeme="y"><node label="AtomType" spec="INT"><location loc="15.83--15.85"/></node><location loc="15.81--15.85"/></node><location loc="15.74--15.85"/></node><location loc="15.70--15.86"/></node><location loc="15.65--15.86"/></node><node label="CompDecl" lexeme="vec3"><node label="RecType"><node label="CompDecls"><node label="CompDecl" lexeme="x"><node label="AtomType" spec="INT"><location loc="15.100--15.102"/></node><location loc="15.98--15.102"/></node><node label="CompDecl" lexeme="y"><node label="AtomType" spec="INT"><location loc="15.107--15.109"/></node><location loc="15.105--15.109"/></node><node label="CompDecl" lexeme="z"><node label="AtomType" spec="INT"><location loc="15.114--15.116"/></node><location loc="15.112--15.116"/></node><location loc="15.98--15.116"/></node><location loc="15.94--15.117"/></node><location loc="15.89--15.117"/></node><location loc="15.65--15.117"/></node><location loc="15.61--15.118"/></node><location loc="15.54--15.118"/></node><node label="CompDecl" lexeme="name"><node label="ArrType"><node label="AtomExpr" lexeme="10" spec="INT"><location loc="15.130--15.131"/></node><node label="AtomType" spec="CHAR"><location loc="15.134--15.137"/></node><location loc="15.126--15.137"/></node><location loc="15.121--15.137"/></node><location loc="15.54--15.137"/></node><location loc="15.50--15.138"/></node><location loc="15.43--15.138"/></node><location loc="15.37--15.138"/></node><node label="CompDecl" lexeme="another"><node label="RecType"><node label="CompDecls"><node label="CompDecl" lexeme="val"><node label="AtomType" spec="INT"><location loc="15.157--15.159"/></node><location loc="15.153--15.159"/></node><node label="CompDecl" lexeme="val2"><node label="AtomType" spec="BOOL"><location loc="15.168--15.171"/></node><location loc="15.162--15.171"/></node><location loc="15.153--15.171"/></node><location loc="15.149--15.172"/></node><location loc="15.141--15.172"/></node><location loc="15.37--15.172"/></node><location loc="15.33--15.173"/></node><location loc="15.26--15.173"/></node><location loc="15.6--15.173"/></node><location loc="6.6--15.173"/></node><node label="Stmts"><node label="ExprStmt"><node label="AtomExpr" lexeme="none" spec="VOID"><location loc="2.2--2.5"/></node><location loc="2.2--2.5"/></node><location loc="2.2--2.5"/></node><node label="AtomExpr" lexeme="none" spec="VOID"><location loc="4.2--4.5"/></node><location loc="1.1--16.1"/></node></abstr>