<?xml version="1.0" encoding="UTF-8" standalone="no"?><?xml-stylesheet type="text/xsl" href="./abstr.xsl"?><abstr><node label="StmtExpr"><node label="Decls"><node label="VarDecl" lexeme="a"><node label="AtomType" spec="INT"><location loc="6.15--6.17"/></node><location loc="6.9--6.17"/></node><node label="VarDecl" lexeme="b"><node label="AtomType" spec="BOOL"><location loc="7.15--7.18"/></node><location loc="7.9--7.18"/></node><node label="VarDecl" lexeme="c"><node label="AtomType" spec="CHAR"><location loc="8.15--8.18"/></node><location loc="8.9--8.18"/></node><node label="VarDecl" lexeme="d"><node label="AtomType" spec="INT"><location loc="9.15--9.17"/></node><location loc="9.9--9.17"/></node><node label="VarDecl" lexeme="e"><node label="ArrType"><node label="AtomExpr" lexeme="10" spec="INT"><location loc="10.20--10.21"/></node><node label="AtomType" spec="INT"><location loc="10.24--10.26"/></node><location loc="10.15--10.26"/></node><location loc="10.9--10.26"/></node><node label="VarDecl" lexeme="f"><node label="RecType"><node label="CompDecls"><node label="CompDecl" lexeme="x"><node label="AtomType" spec="INT"><location loc="11.21--11.23"/></node><location loc="11.19--11.23"/></node><node label="CompDecl" lexeme="y"><node label="AtomType" spec="INT"><location loc="11.28--11.30"/></node><location loc="11.26--11.30"/></node><location loc="11.19--11.30"/></node><location loc="11.15--11.31"/></node><location loc="11.9--11.31"/></node><node label="VarDecl" lexeme="g"><node label="PtrType"><node label="AtomType" spec="INT"><location loc="12.19--12.21"/></node><location loc="12.15--12.21"/></node><location loc="12.9--12.21"/></node><node label="VarDecl" lexeme="h"><node label="TypeName" lexeme="my_own_type"><location loc="13.15--13.25"/></node><location loc="13.9--13.25"/></node><node label="VarDecl" lexeme="horribly_nested"><node label="ArrType"><node label="AtomExpr" lexeme="10" spec="INT"><location loc="15.33--15.34"/></node><node label="RecType"><node label="CompDecls"><node label="CompDecl" lexeme="array"><node label="ArrType"><node label="AtomExpr" lexeme="10" spec="INT"><location loc="15.50--15.51"/></node><node label="RecType"><node label="CompDecls"><node label="CompDecl" lexeme="record"><node label="RecType"><node label="CompDecls"><node label="CompDecl" lexeme="vec2"><node label="RecType"><node label="CompDecls"><node label="CompDecl" lexeme="x"><node label="AtomType" spec="INT"><location loc="15.79--15.81"/></node><location loc="15.77--15.81"/></node><node label="CompDecl" lexeme="y"><node label="AtomType" spec="INT"><location loc="15.86--15.88"/></node><location loc="15.84--15.88"/></node><location loc="15.77--15.88"/></node><location loc="15.73--15.89"/></node><location loc="15.68--15.89"/></node><node label="CompDecl" lexeme="vec3"><node label="RecType"><node label="CompDecls"><node label="CompDecl" lexeme="x"><node label="AtomType" spec="INT"><location loc="15.103--15.105"/></node><location loc="15.101--15.105"/></node><node label="CompDecl" lexeme="y"><node label="AtomType" spec="INT"><location loc="15.110--15.112"/></node><location loc="15.108--15.112"/></node><node label="CompDecl" lexeme="z"><node label="AtomType" spec="INT"><location loc="15.117--15.119"/></node><location loc="15.115--15.119"/></node><location loc="15.101--15.119"/></node><location loc="15.97--15.120"/></node><location loc="15.92--15.120"/></node><location loc="15.68--15.120"/></node><location loc="15.64--15.121"/></node><location loc="15.57--15.121"/></node><node label="CompDecl" lexeme="name"><node label="ArrType"><node label="AtomExpr" lexeme="10" spec="INT"><location loc="15.133--15.134"/></node><node label="AtomType" spec="CHAR"><location loc="15.137--15.140"/></node><location loc="15.129--15.140"/></node><location loc="15.124--15.140"/></node><location loc="15.57--15.140"/></node><location loc="15.53--15.141"/></node><location loc="15.46--15.141"/></node><location loc="15.40--15.141"/></node><node label="CompDecl" lexeme="another"><node label="RecType"><node label="CompDecls"><node label="CompDecl" lexeme="val"><node label="AtomType" spec="INT"><location loc="15.160--15.162"/></node><location loc="15.156--15.162"/></node><node label="CompDecl" lexeme="val2"><node label="AtomType" spec="BOOL"><location loc="15.171--15.174"/></node><location loc="15.165--15.174"/></node><location loc="15.156--15.174"/></node><location loc="15.152--15.175"/></node><location loc="15.144--15.175"/></node><location loc="15.40--15.175"/></node><location loc="15.36--15.176"/></node><location loc="15.29--15.176"/></node><location loc="15.9--15.176"/></node><location loc="6.9--15.176"/></node><node label="Stmts"><node label="ExprStmt"><node label="AtomExpr" lexeme="none" spec="VOID"><location loc="2.5--2.8"/></node><location loc="2.5--2.8"/></node><location loc="2.5--2.8"/></node><node label="AtomExpr" lexeme="none" spec="VOID"><location loc="4.5--4.8"/></node><location loc="1.1--16.1"/></node></abstr>