<?xml version="1.0" encoding="UTF-8" standalone="no"?><?xml-stylesheet type="text/xsl" href="./lexan.xsl"?><lexan><term lexeme="Skip" token="IDENTIFIER"><location loc="2.1--2.4"/></term><term lexeme="to" token="IDENTIFIER"><location loc="2.6--2.7"/></term><term lexeme="content" token="IDENTIFIER"><location loc="2.9--2.15"/></term><term lexeme="This" token="IDENTIFIER"><location loc="3.1--3.4"/></term><term lexeme="repository" token="IDENTIFIER"><location loc="3.6--3.15"/></term><term lexeme="Pull" token="IDENTIFIER"><location loc="5.5--5.8"/></term><term lexeme="requests" token="IDENTIFIER"><location loc="5.10--5.17"/></term><term lexeme="Issues" token="IDENTIFIER"><location loc="6.5--6.10"/></term><term lexeme="Marketplace" token="IDENTIFIER"><location loc="7.5--7.15"/></term><term lexeme="Explore" token="IDENTIFIER"><location loc="8.5--8.11"/></term><term lexeme="@" token="DATA"><location loc="10.5--10.5"/></term><term lexeme="pintarj" token="IDENTIFIER"><location loc="10.6--10.12"/></term><term lexeme="4" token="INTCONST"><location loc="12.1--12.1"/></term><term lexeme="0" token="INTCONST"><location loc="13.1--13.1"/></term><term lexeme="0" token="INTCONST"><location loc="15.5--15.5"/></term><term lexeme="pintarj" token="IDENTIFIER"><location loc="17.1--17.7"/></term><term lexeme="/" token="DIV"><location loc="17.8--17.8"/></term><term lexeme="mm" token="IDENTIFIER"><location loc="17.9--17.10"/></term><term lexeme="-" token="SUB"><location loc="17.11--17.11"/></term><term lexeme="project" token="IDENTIFIER"><location loc="17.12--17.18"/></term><term lexeme="-" token="SUB"><location loc="17.19--17.19"/></term><term lexeme="2" token="INTCONST"><location loc="17.20--17.20"/></term><term lexeme="Code" token="IDENTIFIER"><location loc="18.1--18.4"/></term><term lexeme="Issues" token="IDENTIFIER"><location loc="19.1--19.6"/></term><term lexeme="0" token="INTCONST"><location loc="19.8--19.8"/></term><term lexeme="Pull" token="IDENTIFIER"><location loc="20.1--20.4"/></term><term lexeme="requests" token="IDENTIFIER"><location loc="20.6--20.13"/></term><term lexeme="0" token="INTCONST"><location loc="20.15--20.15"/></term><term lexeme="Projects" token="IDENTIFIER"><location loc="21.1--21.8"/></term><term lexeme="0" token="INTCONST"><location loc="21.10--21.10"/></term><term lexeme="Wiki" token="IDENTIFIER"><location loc="22.1--22.4"/></term><term lexeme="Insights" token="IDENTIFIER"><location loc="23.1--23.8"/></term><term lexeme="Settings" token="IDENTIFIER"><location loc="24.1--24.8"/></term><term lexeme="mm" token="IDENTIFIER"><location loc="25.1--25.2"/></term><term lexeme="-" token="SUB"><location loc="25.3--25.3"/></term><term lexeme="project" token="IDENTIFIER"><location loc="25.4--25.10"/></term><term lexeme="-" token="SUB"><location loc="25.11--25.11"/></term><term lexeme="2" token="INTCONST"><location loc="25.12--25.12"/></term><term lexeme="/" token="DIV"><location loc="25.13--25.13"/></term><term lexeme="genetski" token="IDENTIFIER"><location loc="25.14--25.21"/></term><term lexeme="." token="DOT"><location loc="25.22--25.22"/></term><term lexeme="m" token="IDENTIFIER"><location loc="25.23--25.23"/></term><term lexeme="0067" token="INTCONST"><location loc="26.1--26.4"/></term><term lexeme="f12" token="IDENTIFIER"><location loc="26.5--26.7"/></term><term lexeme="on" token="IDENTIFIER"><location loc="26.9--26.10"/></term><term lexeme="Jun" token="IDENTIFIER"><location loc="26.12--26.14"/></term><term lexeme="8" token="INTCONST"><location loc="26.16--26.16"/></term><term lexeme="," token="COMMA"><location loc="26.17--26.17"/></term><term lexeme="2017" token="INTCONST"><location loc="26.19--26.22"/></term><term lexeme="@" token="DATA"><location loc="27.1--27.1"/></term><term lexeme="lukakolar" token="IDENTIFIER"><location loc="27.2--27.10"/></term><term lexeme="lukakolar" token="IDENTIFIER"><location loc="27.12--27.20"/></term><term lexeme="Fix" token="IDENTIFIER"><location loc="27.22--27.24"/></term><term lexeme="hevrF" token="IDENTIFIER"><location loc="27.26--27.30"/></term><term lexeme="and" token="IDENTIFIER"><location loc="27.32--27.34"/></term><term lexeme="possibility" token="IDENTIFIER"><location loc="27.36--27.46"/></term><term lexeme="that" token="IDENTIFIER"><location loc="27.48--27.51"/></term><term lexeme="that" token="IDENTIFIER"><location loc="27.53--27.56"/></term><term lexeme="species" token="IDENTIFIER"><location loc="27.58--27.64"/></term><term lexeme="go" token="IDENTIFIER"><location loc="27.66--27.67"/></term><term lexeme="extinct" token="IDENTIFIER"><location loc="27.69--27.75"/></term><term lexeme="@" token="DATA"><location loc="28.1--28.1"/></term><term lexeme="LanaBesevic" token="IDENTIFIER"><location loc="28.2--28.12"/></term><term lexeme="@" token="DATA"><location loc="29.1--29.1"/></term><term lexeme="lukakolar" token="IDENTIFIER"><location loc="29.2--29.10"/></term><term lexeme="179" token="INTCONST"><location loc="30.1--30.3"/></term><term lexeme="lines" token="IDENTIFIER"><location loc="30.5--30.9"/></term><term lexeme="(" token="LPARENTHESIS"><location loc="30.11--30.11"/></term><term lexeme="173" token="INTCONST"><location loc="30.12--30.14"/></term><term lexeme="sloc" token="IDENTIFIER"><location loc="30.16--30.19"/></term><term lexeme=")" token="RPARENTHESIS"><location loc="30.20--30.20"/></term><term lexeme="4" token="INTCONST"><location loc="30.22--30.22"/></term><term lexeme="." token="DOT"><location loc="30.23--30.23"/></term><term lexeme="85" token="INTCONST"><location loc="30.24--30.25"/></term><term lexeme="KB" token="IDENTIFIER"><location loc="30.27--30.28"/></term><term lexeme="function" token="IDENTIFIER"><location loc="31.1--31.8"/></term><term lexeme="[" token="LBRACKET"><location loc="31.10--31.10"/></term><term lexeme="newA" token="IDENTIFIER"><location loc="31.11--31.14"/></term><term lexeme="," token="COMMA"><location loc="31.15--31.15"/></term><term lexeme="newB" token="IDENTIFIER"><location loc="31.17--31.20"/></term><term lexeme="," token="COMMA"><location loc="31.21--31.21"/></term><term lexeme="newx0" token="IDENTIFIER"><location loc="31.23--31.27"/></term><term lexeme="]" token="RBRACKET"><location loc="31.28--31.28"/></term><term lexeme="=" token="ASSIGN"><location loc="31.30--31.30"/></term><term lexeme="genetski" token="IDENTIFIER"><location loc="31.32--31.39"/></term><term lexeme="(" token="LPARENTHESIS"><location loc="31.40--31.40"/></term><term lexeme="A" token="IDENTIFIER"><location loc="31.41--31.41"/></term><term lexeme="," token="COMMA"><location loc="31.42--31.42"/></term><term lexeme="b" token="IDENTIFIER"><location loc="31.44--31.44"/></term><term lexeme="," token="COMMA"><location loc="31.45--31.45"/></term><term lexeme="x0" token="IDENTIFIER"><location loc="31.47--31.48"/></term><term lexeme=")" token="RPARENTHESIS"><location loc="31.49--31.49"/></term><term lexeme="s" token="IDENTIFIER"><location loc="38.1--38.1"/></term><term lexeme="=" token="ASSIGN"><location loc="38.3--38.3"/></term><term lexeme="length" token="IDENTIFIER"><location loc="38.5--38.10"/></term><term lexeme="(" token="LPARENTHESIS"><location loc="38.11--38.11"/></term><term lexeme="A" token="IDENTIFIER"><location loc="38.12--38.12"/></term><term lexeme=")" token="RPARENTHESIS"><location loc="38.13--38.13"/></term><term lexeme=";" token="SEMIC"><location loc="38.14--38.14"/></term><term lexeme="n" token="IDENTIFIER"><location loc="39.1--39.1"/></term><term lexeme="=" token="ASSIGN"><location loc="39.3--39.3"/></term><term lexeme="size" token="IDENTIFIER"><location loc="39.5--39.8"/></term><term lexeme="(" token="LPARENTHESIS"><location loc="39.9--39.9"/></term><term lexeme="A" token="IDENTIFIER"><location loc="39.10--39.10"/></term><term lexeme="," token="COMMA"><location loc="39.11--39.11"/></term><term lexeme="1" token="INTCONST"><location loc="39.13--39.13"/></term><term lexeme=")" token="RPARENTHESIS"><location loc="39.14--39.14"/></term><term lexeme=";" token="SEMIC"><location loc="39.15--39.15"/></term><term lexeme="minPop" token="IDENTIFIER"><location loc="40.1--40.6"/></term><term lexeme="=" token="ASSIGN"><location loc="40.8--40.8"/></term><term lexeme="1" token="INTCONST"><location loc="40.10--40.10"/></term><term lexeme=";" token="SEMIC"><location loc="40.11--40.11"/></term><term lexeme="maxPop" token="IDENTIFIER"><location loc="41.1--41.6"/></term><term lexeme="=" token="ASSIGN"><location loc="41.8--41.8"/></term><term lexeme="10" token="INTCONST"><location loc="41.10--41.11"/></term><term lexeme=";" token="SEMIC"><location loc="41.12--41.12"/></term><term lexeme="m" token="IDENTIFIER"><location loc="44.1--44.1"/></term><term lexeme="=" token="ASSIGN"><location loc="44.3--44.3"/></term><term lexeme="s" token="IDENTIFIER"><location loc="44.5--44.5"/></term><term lexeme="/" token="DIV"><location loc="44.6--44.6"/></term><term lexeme="2" token="INTCONST"><location loc="44.7--44.7"/></term><term lexeme="+" token="ADD"><location loc="44.8--44.8"/></term><term lexeme="1" token="INTCONST"><location loc="44.9--44.9"/></term><term lexeme=";" token="SEMIC"><location loc="44.10--44.10"/></term><term lexeme="newA" token="IDENTIFIER"><location loc="45.1--45.4"/></term><term lexeme="=" token="ASSIGN"><location loc="45.6--45.6"/></term><term lexeme="A" token="IDENTIFIER"><location loc="45.8--45.8"/></term><term lexeme="(" token="LPARENTHESIS"><location loc="45.9--45.9"/></term><term lexeme=":" token="COLON"><location loc="45.10--45.10"/></term><term lexeme="," token="COMMA"><location loc="45.11--45.11"/></term><term lexeme=":" token="COLON"><location loc="45.12--45.12"/></term><term lexeme="," token="COMMA"><location loc="45.13--45.13"/></term><term lexeme="1" token="INTCONST"><location loc="45.14--45.14"/></term><term lexeme=":" token="COLON"><location loc="45.15--45.15"/></term><term lexeme="s" token="IDENTIFIER"><location loc="45.16--45.16"/></term><term lexeme="/" token="DIV"><location loc="45.17--45.17"/></term><term lexeme="2" token="INTCONST"><location loc="45.18--45.18"/></term><term lexeme=")" token="RPARENTHESIS"><location loc="45.19--45.19"/></term><term lexeme=";" token="SEMIC"><location loc="45.20--45.20"/></term><term lexeme="newB" token="IDENTIFIER"><location loc="46.1--46.4"/></term><term lexeme="=" token="ASSIGN"><location loc="46.6--46.6"/></term><term lexeme="b" token="IDENTIFIER"><location loc="46.8--46.8"/></term><term lexeme="(" token="LPARENTHESIS"><location loc="46.9--46.9"/></term><term lexeme=":" token="COLON"><location loc="46.10--46.10"/></term><term lexeme="," token="COMMA"><location loc="46.11--46.11"/></term><term lexeme="1" token="INTCONST"><location loc="46.12--46.12"/></term><term lexeme=":" token="COLON"><location loc="46.13--46.13"/></term><term lexeme="s" token="IDENTIFIER"><location loc="46.14--46.14"/></term><term lexeme="/" token="DIV"><location loc="46.15--46.15"/></term><term lexeme="2" token="INTCONST"><location loc="46.16--46.16"/></term><term lexeme=")" token="RPARENTHESIS"><location loc="46.17--46.17"/></term><term lexeme=";" token="SEMIC"><location loc="46.18--46.18"/></term><term lexeme="newx0" token="IDENTIFIER"><location loc="47.1--47.5"/></term><term lexeme="=" token="ASSIGN"><location loc="47.7--47.7"/></term><term lexeme="x0" token="IDENTIFIER"><location loc="47.9--47.10"/></term><term lexeme="(" token="LPARENTHESIS"><location loc="47.11--47.11"/></term><term lexeme=":" token="COLON"><location loc="47.12--47.12"/></term><term lexeme="," token="COMMA"><location loc="47.13--47.13"/></term><term lexeme="1" token="INTCONST"><location loc="47.14--47.14"/></term><term lexeme=":" token="COLON"><location loc="47.15--47.15"/></term><term lexeme="s" token="IDENTIFIER"><location loc="47.16--47.16"/></term><term lexeme="/" token="DIV"><location loc="47.17--47.17"/></term><term lexeme="2" token="INTCONST"><location loc="47.18--47.18"/></term><term lexeme=")" token="RPARENTHESIS"><location loc="47.19--47.19"/></term><term lexeme=";" token="SEMIC"><location loc="47.20--47.20"/></term><term lexeme="mut" token="IDENTIFIER"><location loc="48.1--48.3"/></term><term lexeme="=" token="ASSIGN"><location loc="48.5--48.5"/></term><term lexeme="0" token="INTCONST"><location loc="48.7--48.7"/></term><term lexeme="." token="DOT"><location loc="48.8--48.8"/></term><term lexeme="015" token="INTCONST"><location loc="48.9--48.11"/></term><term lexeme=";" token="SEMIC"><location loc="48.12--48.12"/></term><term lexeme="prva" token="IDENTIFIER"><location loc="49.1--49.4"/></term><term lexeme="=" token="ASSIGN"><location loc="49.6--49.6"/></term><term lexeme="s" token="IDENTIFIER"><location loc="49.8--49.8"/></term><term lexeme="/" token="DIV"><location loc="49.9--49.9"/></term><term lexeme="5" token="INTCONST"><location loc="49.10--49.10"/></term><term lexeme=";" token="SEMIC"><location loc="49.11--49.11"/></term><term lexeme="druga" token="IDENTIFIER"><location loc="50.1--50.5"/></term><term lexeme="=" token="ASSIGN"><location loc="50.7--50.7"/></term><term lexeme="s" token="IDENTIFIER"><location loc="50.9--50.9"/></term><term lexeme="/" token="DIV"><location loc="50.10--50.10"/></term><term lexeme="10" token="INTCONST"><location loc="50.11--50.12"/></term><term lexeme=";" token="SEMIC"><location loc="50.13--50.13"/></term><term lexeme="for" token="IDENTIFIER"><location loc="53.1--53.3"/></term><term lexeme="i" token="IDENTIFIER"><location loc="53.5--53.5"/></term><term lexeme="=" token="ASSIGN"><location loc="53.7--53.7"/></term><term lexeme="m" token="IDENTIFIER"><location loc="53.9--53.9"/></term><term lexeme=":" token="COLON"><location loc="53.11--53.11"/></term><term lexeme="m" token="IDENTIFIER"><location loc="53.13--53.13"/></term><term lexeme="+" token="ADD"><location loc="53.14--53.14"/></term><term lexeme="prva" token="IDENTIFIER"><location loc="53.15--53.18"/></term><term lexeme="-" token="SUB"><location loc="53.19--53.19"/></term><term lexeme="1" token="INTCONST"><location loc="53.20--53.20"/></term><term lexeme="for" token="IDENTIFIER"><location loc="54.5--54.7"/></term><term lexeme="j" token="IDENTIFIER"><location loc="54.9--54.9"/></term><term lexeme="=" token="ASSIGN"><location loc="54.11--54.11"/></term><term lexeme="1" token="INTCONST"><location loc="54.13--54.13"/></term><term lexeme=":" token="COLON"><location loc="54.15--54.15"/></term><term lexeme="n" token="IDENTIFIER"><location loc="54.17--54.17"/></term><term lexeme="for" token="IDENTIFIER"><location loc="55.9--55.11"/></term><term lexeme="k" token="IDENTIFIER"><location loc="55.13--55.13"/></term><term lexeme="=" token="ASSIGN"><location loc="55.15--55.15"/></term><term lexeme="1" token="INTCONST"><location loc="55.17--55.17"/></term><term lexeme=":" token="COLON"><location loc="55.19--55.19"/></term><term lexeme="n" token="IDENTIFIER"><location loc="55.21--55.21"/></term><term lexeme="if" token="IF"><location loc="58.13--58.14"/></term><term lexeme="A" token="IDENTIFIER"><location loc="58.16--58.16"/></term><term lexeme="(" token="LPARENTHESIS"><location loc="58.17--58.17"/></term><term lexeme="k" token="IDENTIFIER"><location loc="58.18--58.18"/></term><term lexeme="," token="COMMA"><location loc="58.19--58.19"/></term><term lexeme="j" token="IDENTIFIER"><location loc="58.20--58.20"/></term><term lexeme="," token="COMMA"><location loc="58.21--58.21"/></term><term lexeme="i" token="IDENTIFIER"><location loc="58.22--58.22"/></term><term lexeme=")" token="RPARENTHESIS"><location loc="58.23--58.23"/></term><term lexeme="==" token="EQU"><location loc="58.25--58.26"/></term><term lexeme="0" token="INTCONST"><location loc="58.28--58.28"/></term><term lexeme="continue" token="IDENTIFIER"><location loc="59.17--59.24"/></term><term lexeme="end" token="END"><location loc="60.13--60.15"/></term><term lexeme="w" token="IDENTIFIER"><location loc="61.13--61.13"/></term><term lexeme="=" token="ASSIGN"><location loc="61.15--61.15"/></term><term lexeme="rand" token="IDENTIFIER"><location loc="61.17--61.20"/></term><term lexeme="(" token="LPARENTHESIS"><location loc="61.21--61.21"/></term><term lexeme="1" token="INTCONST"><location loc="61.22--61.22"/></term><term lexeme="," token="COMMA"><location loc="61.23--61.23"/></term><term lexeme="1" token="INTCONST"><location loc="61.24--61.24"/></term><term lexeme=")" token="RPARENTHESIS"><location loc="61.25--61.25"/></term><term lexeme=";" token="SEMIC"><location loc="61.26--61.26"/></term><term lexeme="if" token="IF"><location loc="62.13--62.14"/></term><term lexeme="w" token="IDENTIFIER"><location loc="62.16--62.16"/></term><term lexeme="&lt;" token="LTH"><location loc="62.18--62.18"/></term><term lexeme="0" token="INTCONST"><location loc="62.20--62.20"/></term><term lexeme="." token="DOT"><location loc="62.21--62.21"/></term><term lexeme="5" token="INTCONST"><location loc="62.22--62.22"/></term><term lexeme="-" token="SUB"><location loc="62.23--62.23"/></term><term lexeme="mut" token="IDENTIFIER"><location loc="62.24--62.26"/></term><term lexeme="newA" token="IDENTIFIER"><location loc="63.17--63.20"/></term><term lexeme="(" token="LPARENTHESIS"><location loc="63.21--63.21"/></term><term lexeme="k" token="IDENTIFIER"><location loc="63.22--63.22"/></term><term lexeme="," token="COMMA"><location loc="63.23--63.23"/></term><term lexeme="j" token="IDENTIFIER"><location loc="63.24--63.24"/></term><term lexeme="," token="COMMA"><location loc="63.25--63.25"/></term><term lexeme="m" token="IDENTIFIER"><location loc="63.26--63.26"/></term><term lexeme=")" token="RPARENTHESIS"><location loc="63.27--63.27"/></term><term lexeme="=" token="ASSIGN"><location loc="63.29--63.29"/></term><term lexeme="A" token="IDENTIFIER"><location loc="63.31--63.31"/></term><term lexeme="(" token="LPARENTHESIS"><location loc="63.32--63.32"/></term><term lexeme="k" token="IDENTIFIER"><location loc="63.33--63.33"/></term><term lexeme="," token="COMMA"><location loc="63.34--63.34"/></term><term lexeme="j" token="IDENTIFIER"><location loc="63.35--63.35"/></term><term lexeme="," token="COMMA"><location loc="63.36--63.36"/></term><term lexeme="1" token="INTCONST"><location loc="63.37--63.37"/></term><term lexeme=")" token="RPARENTHESIS"><location loc="63.38--63.38"/></term><term lexeme=";" token="SEMIC"><location loc="63.39--63.39"/></term><term lexeme="elseif" token="IDENTIFIER"><location loc="64.13--64.18"/></term><term lexeme="w" token="IDENTIFIER"><location loc="64.20--64.20"/></term><term lexeme="&gt;" token="GTH"><location loc="64.22--64.22"/></term><term lexeme="0" token="INTCONST"><location loc="64.24--64.24"/></term><term lexeme="." token="DOT"><location loc="64.25--64.25"/></term><term lexeme="5" token="INTCONST"><location loc="64.26--64.26"/></term><term lexeme="+" token="ADD"><location loc="64.27--64.27"/></term><term lexeme="mut" token="IDENTIFIER"><location loc="64.28--64.30"/></term><term lexeme="newA" token="IDENTIFIER"><location loc="65.17--65.20"/></term><term lexeme="(" token="LPARENTHESIS"><location loc="65.21--65.21"/></term><term lexeme="k" token="IDENTIFIER"><location loc="65.22--65.22"/></term><term lexeme="," token="COMMA"><location loc="65.23--65.23"/></term><term lexeme="j" token="IDENTIFIER"><location loc="65.24--65.24"/></term><term lexeme="," token="COMMA"><location loc="65.25--65.25"/></term><term lexeme="m" token="IDENTIFIER"><location loc="65.26--65.26"/></term><term lexeme=")" token="RPARENTHESIS"><location loc="65.27--65.27"/></term><term lexeme="=" token="ASSIGN"><location loc="65.29--65.29"/></term><term lexeme="A" token="IDENTIFIER"><location loc="65.31--65.31"/></term><term lexeme="(" token="LPARENTHESIS"><location loc="65.32--65.32"/></term><term lexeme="k" token="IDENTIFIER"><location loc="65.33--65.33"/></term><term lexeme="," token="COMMA"><location loc="65.34--65.34"/></term><term lexeme="j" token="IDENTIFIER"><location loc="65.35--65.35"/></term><term lexeme="," token="COMMA"><location loc="65.36--65.36"/></term><term lexeme="2" token="INTCONST"><location loc="65.37--65.37"/></term><term lexeme=")" token="RPARENTHESIS"><location loc="65.38--65.38"/></term><term lexeme=";" token="SEMIC"><location loc="65.39--65.39"/></term><term lexeme="else" token="ELSE"><location loc="66.13--66.16"/></term><term lexeme="if" token="IF"><location loc="68.17--68.18"/></term><term lexeme="A" token="IDENTIFIER"><location loc="68.20--68.20"/></term><term lexeme="(" token="LPARENTHESIS"><location loc="68.21--68.21"/></term><term lexeme="k" token="IDENTIFIER"><location loc="68.22--68.22"/></term><term lexeme="," token="COMMA"><location loc="68.23--68.23"/></term><term lexeme="j" token="IDENTIFIER"><location loc="68.24--68.24"/></term><term lexeme="," token="COMMA"><location loc="68.25--68.25"/></term><term lexeme="1" token="INTCONST"><location loc="68.26--68.26"/></term><term lexeme=")" token="RPARENTHESIS"><location loc="68.27--68.27"/></term><term lexeme="==" token="EQU"><location loc="68.29--68.30"/></term><term lexeme="0" token="INTCONST"><location loc="68.32--68.32"/></term><term lexeme="newA" token="IDENTIFIER"><location loc="69.21--69.24"/></term><term lexeme="(" token="LPARENTHESIS"><location loc="69.25--69.25"/></term><term lexeme="k" token="IDENTIFIER"><location loc="69.26--69.26"/></term><term lexeme="," token="COMMA"><location loc="69.27--69.27"/></term><term lexeme="j" token="IDENTIFIER"><location loc="69.28--69.28"/></term><term lexeme="," token="COMMA"><location loc="69.29--69.29"/></term><term lexeme="m" token="IDENTIFIER"><location loc="69.30--69.30"/></term><term lexeme=")" token="RPARENTHESIS"><location loc="69.31--69.31"/></term><term lexeme="=" token="ASSIGN"><location loc="69.33--69.33"/></term><term lexeme="0" token="INTCONST"><location loc="69.35--69.35"/></term><term lexeme=";" token="SEMIC"><location loc="69.36--69.36"/></term><term lexeme="elseif" token="IDENTIFIER"><location loc="70.17--70.22"/></term><term lexeme="A" token="IDENTIFIER"><location loc="70.24--70.24"/></term><term lexeme="(" token="LPARENTHESIS"><location loc="70.25--70.25"/></term><term lexeme="k" token="IDENTIFIER"><location loc="70.26--70.26"/></term><term lexeme="," token="COMMA"><location loc="70.27--70.27"/></term><term lexeme="j" token="IDENTIFIER"><location loc="70.28--70.28"/></term><term lexeme="," token="COMMA"><location loc="70.29--70.29"/></term><term lexeme="1" token="INTCONST"><location loc="70.30--70.30"/></term><term lexeme=")" token="RPARENTHESIS"><location loc="70.31--70.31"/></term><term lexeme="&lt;" token="LTH"><location loc="70.33--70.33"/></term><term lexeme="0" token="INTCONST"><location loc="70.35--70.35"/></term><term lexeme="newA" token="IDENTIFIER"><location loc="71.21--71.24"/></term><term lexeme="(" token="LPARENTHESIS"><location loc="71.25--71.25"/></term><term lexeme="k" token="IDENTIFIER"><location loc="71.26--71.26"/></term><term lexeme="," token="COMMA"><location loc="71.27--71.27"/></term><term lexeme="j" token="IDENTIFIER"><location loc="71.28--71.28"/></term><term lexeme="," token="COMMA"><location loc="71.29--71.29"/></term><term lexeme="m" token="IDENTIFIER"><location loc="71.30--71.30"/></term><term lexeme=")" token="RPARENTHESIS"><location loc="71.31--71.31"/></term><term lexeme="=" token="ASSIGN"><location loc="71.33--71.33"/></term><term lexeme="-" token="SUB"><location loc="71.35--71.35"/></term><term lexeme="rand" token="IDENTIFIER"><location loc="71.36--71.39"/></term><term lexeme=";" token="SEMIC"><location loc="71.40--71.40"/></term><term lexeme="else" token="ELSE"><location loc="72.17--72.20"/></term><term lexeme="newA" token="IDENTIFIER"><location loc="73.21--73.24"/></term><term lexeme="(" token="LPARENTHESIS"><location loc="73.25--73.25"/></term><term lexeme="k" token="IDENTIFIER"><location loc="73.26--73.26"/></term><term lexeme="," token="COMMA"><location loc="73.27--73.27"/></term><term lexeme="j" token="IDENTIFIER"><location loc="73.28--73.28"/></term><term lexeme="," token="COMMA"><location loc="73.29--73.29"/></term><term lexeme="m" token="IDENTIFIER"><location loc="73.30--73.30"/></term><term lexeme=")" token="RPARENTHESIS"><location loc="73.31--73.31"/></term><term lexeme="=" token="ASSIGN"><location loc="73.33--73.33"/></term><term lexeme="rand" token="IDENTIFIER"><location loc="73.35--73.38"/></term><term lexeme=";" token="SEMIC"><location loc="73.39--73.39"/></term><term lexeme="end" token="END"><location loc="74.17--74.19"/></term><term lexeme="end" token="END"><location loc="75.13--75.15"/></term><term lexeme="end" token="END"><location loc="76.9--76.11"/></term><term lexeme="w" token="IDENTIFIER"><location loc="78.9--78.9"/></term><term lexeme="=" token="ASSIGN"><location loc="78.11--78.11"/></term><term lexeme="rand" token="IDENTIFIER"><location loc="78.13--78.16"/></term><term lexeme="(" token="LPARENTHESIS"><location loc="78.17--78.17"/></term><term lexeme="1" token="INTCONST"><location loc="78.18--78.18"/></term><term lexeme="," token="COMMA"><location loc="78.19--78.19"/></term><term lexeme="1" token="INTCONST"><location loc="78.20--78.20"/></term><term lexeme=")" token="RPARENTHESIS"><location loc="78.21--78.21"/></term><term lexeme=";" token="SEMIC"><location loc="78.22--78.22"/></term><term lexeme="if" token="IF"><location loc="79.9--79.10"/></term><term lexeme="w" token="IDENTIFIER"><location loc="79.12--79.12"/></term><term lexeme="&lt;" token="LTH"><location loc="79.14--79.14"/></term><term lexeme="0" token="INTCONST"><location loc="79.16--79.16"/></term><term lexeme="." token="DOT"><location loc="79.17--79.17"/></term><term lexeme="5" token="INTCONST"><location loc="79.18--79.18"/></term><term lexeme="-" token="SUB"><location loc="79.19--79.19"/></term><term lexeme="(" token="LPARENTHESIS"><location loc="79.20--79.20"/></term><term lexeme="mut" token="IDENTIFIER"><location loc="79.21--79.23"/></term><term lexeme="*" token="MUL"><location loc="79.24--79.24"/></term><term lexeme="n" token="IDENTIFIER"><location loc="79.25--79.25"/></term><term lexeme=")" token="RPARENTHESIS"><location loc="79.26--79.26"/></term><term lexeme="newB" token="IDENTIFIER"><location loc="80.13--80.16"/></term><term lexeme="(" token="LPARENTHESIS"><location loc="80.17--80.17"/></term><term lexeme="j" token="IDENTIFIER"><location loc="80.18--80.18"/></term><term lexeme="," token="COMMA"><location loc="80.19--80.19"/></term><term lexeme="m" token="IDENTIFIER"><location loc="80.20--80.20"/></term><term lexeme=")" token="RPARENTHESIS"><location loc="80.21--80.21"/></term><term lexeme="=" token="ASSIGN"><location loc="80.23--80.23"/></term><term lexeme="b" token="IDENTIFIER"><location loc="80.25--80.25"/></term><term lexeme="(" token="LPARENTHESIS"><location loc="80.26--80.26"/></term><term lexeme="j" token="IDENTIFIER"><location loc="80.27--80.27"/></term><term lexeme="," token="COMMA"><location loc="80.28--80.28"/></term><term lexeme="1" token="INTCONST"><location loc="80.29--80.29"/></term><term lexeme=")" token="RPARENTHESIS"><location loc="80.30--80.30"/></term><term lexeme=";" token="SEMIC"><location loc="80.31--80.31"/></term><term lexeme="newx0" token="IDENTIFIER"><location loc="81.13--81.17"/></term><term lexeme="(" token="LPARENTHESIS"><location loc="81.18--81.18"/></term><term lexeme="j" token="IDENTIFIER"><location loc="81.19--81.19"/></term><term lexeme="," token="COMMA"><location loc="81.20--81.20"/></term><term lexeme="m" token="IDENTIFIER"><location loc="81.21--81.21"/></term><term lexeme=")" token="RPARENTHESIS"><location loc="81.22--81.22"/></term><term lexeme="=" token="ASSIGN"><location loc="81.24--81.24"/></term><term lexeme="x0" token="IDENTIFIER"><location loc="81.26--81.27"/></term><term lexeme="(" token="LPARENTHESIS"><location loc="81.28--81.28"/></term><term lexeme="j" token="IDENTIFIER"><location loc="81.29--81.29"/></term><term lexeme="," token="COMMA"><location loc="81.30--81.30"/></term><term lexeme="1" token="INTCONST"><location loc="81.31--81.31"/></term><term lexeme=")" token="RPARENTHESIS"><location loc="81.32--81.32"/></term><term lexeme=";" token="SEMIC"><location loc="81.33--81.33"/></term><term lexeme="elseif" token="IDENTIFIER"><location loc="82.9--82.14"/></term><term lexeme="w" token="IDENTIFIER"><location loc="82.16--82.16"/></term><term lexeme="&gt;" token="GTH"><location loc="82.18--82.18"/></term><term lexeme="0" token="INTCONST"><location loc="82.20--82.20"/></term><term lexeme="." token="DOT"><location loc="82.21--82.21"/></term><term lexeme="5" token="INTCONST"><location loc="82.22--82.22"/></term><term lexeme="+" token="ADD"><location loc="82.23--82.23"/></term><term lexeme="(" token="LPARENTHESIS"><location loc="82.24--82.24"/></term><term lexeme="mut" token="IDENTIFIER"><location loc="82.25--82.27"/></term><term lexeme="*" token="MUL"><location loc="82.28--82.28"/></term><term lexeme="n" token="IDENTIFIER"><location loc="82.29--82.29"/></term><term lexeme=")" token="RPARENTHESIS"><location loc="82.30--82.30"/></term><term lexeme="newB" token="IDENTIFIER"><location loc="83.13--83.16"/></term><term lexeme="(" token="LPARENTHESIS"><location loc="83.17--83.17"/></term><term lexeme="j" token="IDENTIFIER"><location loc="83.18--83.18"/></term><term lexeme="," token="COMMA"><location loc="83.19--83.19"/></term><term lexeme="m" token="IDENTIFIER"><location loc="83.20--83.20"/></term><term lexeme=")" token="RPARENTHESIS"><location loc="83.21--83.21"/></term><term lexeme="=" token="ASSIGN"><location loc="83.23--83.23"/></term><term lexeme="b" token="IDENTIFIER"><location loc="83.25--83.25"/></term><term lexeme="(" token="LPARENTHESIS"><location loc="83.26--83.26"/></term><term lexeme="j" token="IDENTIFIER"><location loc="83.27--83.27"/></term><term lexeme="," token="COMMA"><location loc="83.28--83.28"/></term><term lexeme="2" token="INTCONST"><location loc="83.29--83.29"/></term><term lexeme=")" token="RPARENTHESIS"><location loc="83.30--83.30"/></term><term lexeme=";" token="SEMIC"><location loc="83.31--83.31"/></term><term lexeme="newx0" token="IDENTIFIER"><location loc="84.13--84.17"/></term><term lexeme="(" token="LPARENTHESIS"><location loc="84.18--84.18"/></term><term lexeme="j" token="IDENTIFIER"><location loc="84.19--84.19"/></term><term lexeme="," token="COMMA"><location loc="84.20--84.20"/></term><term lexeme="m" token="IDENTIFIER"><location loc="84.21--84.21"/></term><term lexeme=")" token="RPARENTHESIS"><location loc="84.22--84.22"/></term><term lexeme="=" token="ASSIGN"><location loc="84.24--84.24"/></term><term lexeme="x0" token="IDENTIFIER"><location loc="84.26--84.27"/></term><term lexeme="(" token="LPARENTHESIS"><location loc="84.28--84.28"/></term><term lexeme="j" token="IDENTIFIER"><location loc="84.29--84.29"/></term><term lexeme="," token="COMMA"><location loc="84.30--84.30"/></term><term lexeme="2" token="INTCONST"><location loc="84.31--84.31"/></term><term lexeme=")" token="RPARENTHESIS"><location loc="84.32--84.32"/></term><term lexeme=";" token="SEMIC"><location loc="84.33--84.33"/></term><term lexeme="else" token="ELSE"><location loc="85.9--85.12"/></term><term lexeme="newx0" token="IDENTIFIER"><location loc="87.13--87.17"/></term><term lexeme="(" token="LPARENTHESIS"><location loc="87.18--87.18"/></term><term lexeme="j" token="IDENTIFIER"><location loc="87.19--87.19"/></term><term lexeme="," token="COMMA"><location loc="87.20--87.20"/></term><term lexeme="m" token="IDENTIFIER"><location loc="87.21--87.21"/></term><term lexeme=")" token="RPARENTHESIS"><location loc="87.22--87.22"/></term><term lexeme="=" token="ASSIGN"><location loc="87.24--87.24"/></term><term lexeme="unifrnd" token="IDENTIFIER"><location loc="87.26--87.32"/></term><term lexeme="(" token="LPARENTHESIS"><location loc="87.33--87.33"/></term><term lexeme="minPop" token="IDENTIFIER"><location loc="87.34--87.39"/></term><term lexeme="," token="COMMA"><location loc="87.40--87.40"/></term><term lexeme="maxPop" token="IDENTIFIER"><location loc="87.42--87.47"/></term><term lexeme=")" token="RPARENTHESIS"><location loc="87.48--87.48"/></term><term lexeme=";" token="SEMIC"><location loc="87.49--87.49"/></term><term lexeme="if" token="IF"><location loc="88.13--88.14"/></term><term lexeme="b" token="IDENTIFIER"><location loc="88.16--88.16"/></term><term lexeme="(" token="LPARENTHESIS"><location loc="88.17--88.17"/></term><term lexeme="k" token="IDENTIFIER"><location loc="88.18--88.18"/></term><term lexeme="," token="COMMA"><location loc="88.19--88.19"/></term><term lexeme="j" token="IDENTIFIER"><location loc="88.20--88.20"/></term><term lexeme="," token="COMMA"><location loc="88.21--88.21"/></term><term lexeme="1" token="INTCONST"><location loc="88.22--88.22"/></term><term lexeme=")" token="RPARENTHESIS"><location loc="88.23--88.23"/></term><term lexeme="==" token="EQU"><location loc="88.25--88.26"/></term><term lexeme="0" token="INTCONST"><location loc="88.28--88.28"/></term><term lexeme="newB" token="IDENTIFIER"><location loc="89.17--89.20"/></term><term lexeme="(" token="LPARENTHESIS"><location loc="89.21--89.21"/></term><term lexeme="j" token="IDENTIFIER"><location loc="89.22--89.22"/></term><term lexeme="," token="COMMA"><location loc="89.23--89.23"/></term><term lexeme="m" token="IDENTIFIER"><location loc="89.24--89.24"/></term><term lexeme=")" token="RPARENTHESIS"><location loc="89.25--89.25"/></term><term lexeme="=" token="ASSIGN"><location loc="89.27--89.27"/></term><term lexeme="0" token="INTCONST"><location loc="89.29--89.29"/></term><term lexeme=";" token="SEMIC"><location loc="89.30--89.30"/></term><term lexeme="elseif" token="IDENTIFIER"><location loc="90.13--90.18"/></term><term lexeme="b" token="IDENTIFIER"><location loc="90.20--90.20"/></term><term lexeme="(" token="LPARENTHESIS"><location loc="90.21--90.21"/></term><term lexeme="j" token="IDENTIFIER"><location loc="90.22--90.22"/></term><term lexeme="," token="COMMA"><location loc="90.23--90.23"/></term><term lexeme="1" token="INTCONST"><location loc="90.24--90.24"/></term><term lexeme=")" token="RPARENTHESIS"><location loc="90.25--90.25"/></term><term lexeme="&lt;" token="LTH"><location loc="90.27--90.27"/></term><term lexeme="0" token="INTCONST"><location loc="90.29--90.29"/></term><term lexeme="newB" token="IDENTIFIER"><location loc="91.17--91.20"/></term><term lexeme="(" token="LPARENTHESIS"><location loc="91.21--91.21"/></term><term lexeme="j" token="IDENTIFIER"><location loc="91.22--91.22"/></term><term lexeme="," token="COMMA"><location loc="91.23--91.23"/></term><term lexeme="m" token="IDENTIFIER"><location loc="91.24--91.24"/></term><term lexeme=")" token="RPARENTHESIS"><location loc="91.25--91.25"/></term><term lexeme="=" token="ASSIGN"><location loc="91.27--91.27"/></term><term lexeme="-" token="SUB"><location loc="91.29--91.29"/></term><term lexeme="rand" token="IDENTIFIER"><location loc="91.30--91.33"/></term><term lexeme=";" token="SEMIC"><location loc="91.34--91.34"/></term><term lexeme="else" token="ELSE"><location loc="92.13--92.16"/></term><term lexeme="newB" token="IDENTIFIER"><location loc="93.17--93.20"/></term><term lexeme="(" token="LPARENTHESIS"><location loc="93.21--93.21"/></term><term lexeme="j" token="IDENTIFIER"><location loc="93.22--93.22"/></term><term lexeme="," token="COMMA"><location loc="93.23--93.23"/></term><term lexeme="m" token="IDENTIFIER"><location loc="93.24--93.24"/></term><term lexeme=")" token="RPARENTHESIS"><location loc="93.25--93.25"/></term><term lexeme="=" token="ASSIGN"><location loc="93.27--93.27"/></term><term lexeme="rand" token="IDENTIFIER"><location loc="93.29--93.32"/></term><term lexeme=";" token="SEMIC"><location loc="93.33--93.33"/></term><term lexeme="end" token="END"><location loc="94.13--94.15"/></term><term lexeme="end" token="END"><location loc="95.9--95.11"/></term><term lexeme="end" token="END"><location loc="96.5--96.7"/></term><term lexeme="m" token="IDENTIFIER"><location loc="97.5--97.5"/></term><term lexeme="=" token="ASSIGN"><location loc="97.7--97.7"/></term><term lexeme="m" token="IDENTIFIER"><location loc="97.9--97.9"/></term><term lexeme="+" token="ADD"><location loc="97.10--97.10"/></term><term lexeme="1" token="INTCONST"><location loc="97.11--97.11"/></term><term lexeme=";" token="SEMIC"><location loc="97.12--97.12"/></term><term lexeme="end" token="END"><location loc="98.1--98.3"/></term><term lexeme="for" token="IDENTIFIER"><location loc="101.1--101.3"/></term><term lexeme="i" token="IDENTIFIER"><location loc="101.5--101.5"/></term><term lexeme="=" token="ASSIGN"><location loc="101.7--101.7"/></term><term lexeme="m" token="IDENTIFIER"><location loc="101.9--101.9"/></term><term lexeme=":" token="COLON"><location loc="101.11--101.11"/></term><term lexeme="m" token="IDENTIFIER"><location loc="101.13--101.13"/></term><term lexeme="+" token="ADD"><location loc="101.14--101.14"/></term><term lexeme="druga" token="IDENTIFIER"><location loc="101.15--101.19"/></term><term lexeme="-" token="SUB"><location loc="101.20--101.20"/></term><term lexeme="1" token="INTCONST"><location loc="101.21--101.21"/></term><term lexeme="for" token="IDENTIFIER"><location loc="102.5--102.7"/></term><term lexeme="j" token="IDENTIFIER"><location loc="102.9--102.9"/></term><term lexeme="=" token="ASSIGN"><location loc="102.11--102.11"/></term><term lexeme="1" token="INTCONST"><location loc="102.13--102.13"/></term><term lexeme=":" token="COLON"><location loc="102.15--102.15"/></term><term lexeme="n" token="IDENTIFIER"><location loc="102.17--102.17"/></term><term lexeme="for" token="IDENTIFIER"><location loc="103.9--103.11"/></term><term lexeme="k" token="IDENTIFIER"><location loc="103.13--103.13"/></term><term lexeme="=" token="ASSIGN"><location loc="103.15--103.15"/></term><term lexeme="1" token="INTCONST"><location loc="103.17--103.17"/></term><term lexeme=":" token="COLON"><location loc="103.19--103.19"/></term><term lexeme="n" token="IDENTIFIER"><location loc="103.21--103.21"/></term><term lexeme="if" token="IF"><location loc="106.13--106.14"/></term><term lexeme="A" token="IDENTIFIER"><location loc="106.16--106.16"/></term><term lexeme="(" token="LPARENTHESIS"><location loc="106.17--106.17"/></term><term lexeme="k" token="IDENTIFIER"><location loc="106.18--106.18"/></term><term lexeme="," token="COMMA"><location loc="106.19--106.19"/></term><term lexeme="j" token="IDENTIFIER"><location loc="106.20--106.20"/></term><term lexeme="," token="COMMA"><location loc="106.21--106.21"/></term><term lexeme="i" token="IDENTIFIER"><location loc="106.22--106.22"/></term><term lexeme=")" token="RPARENTHESIS"><location loc="106.23--106.23"/></term><term lexeme="==" token="EQU"><location loc="106.25--106.26"/></term><term lexeme="0" token="INTCONST"><location loc="106.28--106.28"/></term><term lexeme="continue" token="IDENTIFIER"><location loc="107.17--107.24"/></term><term lexeme="end" token="END"><location loc="108.13--108.15"/></term><term lexeme="w" token="IDENTIFIER"><location loc="109.13--109.13"/></term><term lexeme="=" token="ASSIGN"><location loc="109.15--109.15"/></term><term lexeme="rand" token="IDENTIFIER"><location loc="109.17--109.20"/></term><term lexeme="(" token="LPARENTHESIS"><location loc="109.21--109.21"/></term><term lexeme="1" token="INTCONST"><location loc="109.22--109.22"/></term><term lexeme="," token="COMMA"><location loc="109.23--109.23"/></term><term lexeme="1" token="INTCONST"><location loc="109.24--109.24"/></term><term lexeme=")" token="RPARENTHESIS"><location loc="109.25--109.25"/></term><term lexeme=";" token="SEMIC"><location loc="109.26--109.26"/></term><term lexeme="if" token="IF"><location loc="110.13--110.14"/></term><term lexeme="w" token="IDENTIFIER"><location loc="110.16--110.16"/></term><term lexeme="&lt;" token="LTH"><location loc="110.18--110.18"/></term><term lexeme="0" token="INTCONST"><location loc="110.20--110.20"/></term><term lexeme="." token="DOT"><location loc="110.21--110.21"/></term><term lexeme="5" token="INTCONST"><location loc="110.22--110.22"/></term><term lexeme="-" token="SUB"><location loc="110.23--110.23"/></term><term lexeme="mut" token="IDENTIFIER"><location loc="110.24--110.26"/></term><term lexeme="newA" token="IDENTIFIER"><location loc="111.17--111.20"/></term><term lexeme="(" token="LPARENTHESIS"><location loc="111.21--111.21"/></term><term lexeme="k" token="IDENTIFIER"><location loc="111.22--111.22"/></term><term lexeme="," token="COMMA"><location loc="111.23--111.23"/></term><term lexeme="j" token="IDENTIFIER"><location loc="111.24--111.24"/></term><term lexeme="," token="COMMA"><location loc="111.25--111.25"/></term><term lexeme="m" token="IDENTIFIER"><location loc="111.26--111.26"/></term><term lexeme=")" token="RPARENTHESIS"><location loc="111.27--111.27"/></term><term lexeme="=" token="ASSIGN"><location loc="111.29--111.29"/></term><term lexeme="A" token="IDENTIFIER"><location loc="111.31--111.31"/></term><term lexeme="(" token="LPARENTHESIS"><location loc="111.32--111.32"/></term><term lexeme="k" token="IDENTIFIER"><location loc="111.33--111.33"/></term><term lexeme="," token="COMMA"><location loc="111.34--111.34"/></term><term lexeme="j" token="IDENTIFIER"><location loc="111.35--111.35"/></term><term lexeme="," token="COMMA"><location loc="111.36--111.36"/></term><term lexeme="2" token="INTCONST"><location loc="111.37--111.37"/></term><term lexeme=")" token="RPARENTHESIS"><location loc="111.38--111.38"/></term><term lexeme=";" token="SEMIC"><location loc="111.39--111.39"/></term><term lexeme="elseif" token="IDENTIFIER"><location loc="112.13--112.18"/></term><term lexeme="w" token="IDENTIFIER"><location loc="112.20--112.20"/></term><term lexeme="&gt;" token="GTH"><location loc="112.22--112.22"/></term><term lexeme="0" token="INTCONST"><location loc="112.24--112.24"/></term><term lexeme="." token="DOT"><location loc="112.25--112.25"/></term><term lexeme="5" token="INTCONST"><location loc="112.26--112.26"/></term><term lexeme="+" token="ADD"><location loc="112.27--112.27"/></term><term lexeme="mut" token="IDENTIFIER"><location loc="112.28--112.30"/></term><term lexeme="newA" token="IDENTIFIER"><location loc="113.17--113.20"/></term><term lexeme="(" token="LPARENTHESIS"><location loc="113.21--113.21"/></term><term lexeme="k" token="IDENTIFIER"><location loc="113.22--113.22"/></term><term lexeme="," token="COMMA"><location loc="113.23--113.23"/></term><term lexeme="j" token="IDENTIFIER"><location loc="113.24--113.24"/></term><term lexeme="," token="COMMA"><location loc="113.25--113.25"/></term><term lexeme="m" token="IDENTIFIER"><location loc="113.26--113.26"/></term><term lexeme=")" token="RPARENTHESIS"><location loc="113.27--113.27"/></term><term lexeme="=" token="ASSIGN"><location loc="113.29--113.29"/></term><term lexeme="A" token="IDENTIFIER"><location loc="113.31--113.31"/></term><term lexeme="(" token="LPARENTHESIS"><location loc="113.32--113.32"/></term><term lexeme="k" token="IDENTIFIER"><location loc="113.33--113.33"/></term><term lexeme="," token="COMMA"><location loc="113.34--113.34"/></term><term lexeme="j" token="IDENTIFIER"><location loc="113.35--113.35"/></term><term lexeme="," token="COMMA"><location loc="113.36--113.36"/></term><term lexeme="3" token="INTCONST"><location loc="113.37--113.37"/></term><term lexeme=")" token="RPARENTHESIS"><location loc="113.38--113.38"/></term><term lexeme=";" token="SEMIC"><location loc="113.39--113.39"/></term><term lexeme="else" token="ELSE"><location loc="114.13--114.16"/></term><term lexeme="if" token="IF"><location loc="116.17--116.18"/></term><term lexeme="A" token="IDENTIFIER"><location loc="116.20--116.20"/></term><term lexeme="(" token="LPARENTHESIS"><location loc="116.21--116.21"/></term><term lexeme="k" token="IDENTIFIER"><location loc="116.22--116.22"/></term><term lexeme="," token="COMMA"><location loc="116.23--116.23"/></term><term lexeme="j" token="IDENTIFIER"><location loc="116.24--116.24"/></term><term lexeme="," token="COMMA"><location loc="116.25--116.25"/></term><term lexeme="1" token="INTCONST"><location loc="116.26--116.26"/></term><term lexeme=")" token="RPARENTHESIS"><location loc="116.27--116.27"/></term><term lexeme="==" token="EQU"><location loc="116.29--116.30"/></term><term lexeme="0" token="INTCONST"><location loc="116.32--116.32"/></term><term lexeme="newA" token="IDENTIFIER"><location loc="117.21--117.24"/></term><term lexeme="(" token="LPARENTHESIS"><location loc="117.25--117.25"/></term><term lexeme="k" token="IDENTIFIER"><location loc="117.26--117.26"/></term><term lexeme="," token="COMMA"><location loc="117.27--117.27"/></term><term lexeme="j" token="IDENTIFIER"><location loc="117.28--117.28"/></term><term lexeme="," token="COMMA"><location loc="117.29--117.29"/></term><term lexeme="m" token="IDENTIFIER"><location loc="117.30--117.30"/></term><term lexeme=")" token="RPARENTHESIS"><location loc="117.31--117.31"/></term><term lexeme="=" token="ASSIGN"><location loc="117.33--117.33"/></term><term lexeme="0" token="INTCONST"><location loc="117.35--117.35"/></term><term lexeme=";" token="SEMIC"><location loc="117.36--117.36"/></term><term lexeme="elseif" token="IDENTIFIER"><location loc="118.17--118.22"/></term><term lexeme="A" token="IDENTIFIER"><location loc="118.24--118.24"/></term><term lexeme="(" token="LPARENTHESIS"><location loc="118.25--118.25"/></term><term lexeme="k" token="IDENTIFIER"><location loc="118.26--118.26"/></term><term lexeme="," token="COMMA"><location loc="118.27--118.27"/></term><term lexeme="j" token="IDENTIFIER"><location loc="118.28--118.28"/></term><term lexeme="," token="COMMA"><location loc="118.29--118.29"/></term><term lexeme="1" token="INTCONST"><location loc="118.30--118.30"/></term><term lexeme=")" token="RPARENTHESIS"><location loc="118.31--118.31"/></term><term lexeme="&lt;" token="LTH"><location loc="118.33--118.33"/></term><term lexeme="0" token="INTCONST"><location loc="118.35--118.35"/></term><term lexeme="newA" token="IDENTIFIER"><location loc="119.21--119.24"/></term><term lexeme="(" token="LPARENTHESIS"><location loc="119.25--119.25"/></term><term lexeme="k" token="IDENTIFIER"><location loc="119.26--119.26"/></term><term lexeme="," token="COMMA"><location loc="119.27--119.27"/></term><term lexeme="j" token="IDENTIFIER"><location loc="119.28--119.28"/></term><term lexeme="," token="COMMA"><location loc="119.29--119.29"/></term><term lexeme="m" token="IDENTIFIER"><location loc="119.30--119.30"/></term><term lexeme=")" token="RPARENTHESIS"><location loc="119.31--119.31"/></term><term lexeme="=" token="ASSIGN"><location loc="119.33--119.33"/></term><term lexeme="-" token="SUB"><location loc="119.35--119.35"/></term><term lexeme="rand" token="IDENTIFIER"><location loc="119.36--119.39"/></term><term lexeme=";" token="SEMIC"><location loc="119.40--119.40"/></term><term lexeme="else" token="ELSE"><location loc="120.17--120.20"/></term><term lexeme="newA" token="IDENTIFIER"><location loc="121.21--121.24"/></term><term lexeme="(" token="LPARENTHESIS"><location loc="121.25--121.25"/></term><term lexeme="k" token="IDENTIFIER"><location loc="121.26--121.26"/></term><term lexeme="," token="COMMA"><location loc="121.27--121.27"/></term><term lexeme="j" token="IDENTIFIER"><location loc="121.28--121.28"/></term><term lexeme="," token="COMMA"><location loc="121.29--121.29"/></term><term lexeme="m" token="IDENTIFIER"><location loc="121.30--121.30"/></term><term lexeme=")" token="RPARENTHESIS"><location loc="121.31--121.31"/></term><term lexeme="=" token="ASSIGN"><location loc="121.33--121.33"/></term><term lexeme="rand" token="IDENTIFIER"><location loc="121.35--121.38"/></term><term lexeme=";" token="SEMIC"><location loc="121.39--121.39"/></term><term lexeme="end" token="END"><location loc="122.17--122.19"/></term><term lexeme="end" token="END"><location loc="123.13--123.15"/></term><term lexeme="end" token="END"><location loc="124.9--124.11"/></term><term lexeme="w" token="IDENTIFIER"><location loc="126.9--126.9"/></term><term lexeme="=" token="ASSIGN"><location loc="126.11--126.11"/></term><term lexeme="rand" token="IDENTIFIER"><location loc="126.13--126.16"/></term><term lexeme="(" token="LPARENTHESIS"><location loc="126.17--126.17"/></term><term lexeme="1" token="INTCONST"><location loc="126.18--126.18"/></term><term lexeme="," token="COMMA"><location loc="126.19--126.19"/></term><term lexeme="1" token="INTCONST"><location loc="126.20--126.20"/></term><term lexeme=")" token="RPARENTHESIS"><location loc="126.21--126.21"/></term><term lexeme=";" token="SEMIC"><location loc="126.22--126.22"/></term><term lexeme="if" token="IF"><location loc="127.9--127.10"/></term><term lexeme="w" token="IDENTIFIER"><location loc="127.12--127.12"/></term><term lexeme="&lt;" token="LTH"><location loc="127.14--127.14"/></term><term lexeme="0" token="INTCONST"><location loc="127.16--127.16"/></term><term lexeme="." token="DOT"><location loc="127.17--127.17"/></term><term lexeme="5" token="INTCONST"><location loc="127.18--127.18"/></term><term lexeme="-" token="SUB"><location loc="127.19--127.19"/></term><term lexeme="(" token="LPARENTHESIS"><location loc="127.20--127.20"/></term><term lexeme="mut" token="IDENTIFIER"><location loc="127.21--127.23"/></term><term lexeme="*" token="MUL"><location loc="127.24--127.24"/></term><term lexeme="n" token="IDENTIFIER"><location loc="127.25--127.25"/></term><term lexeme=")" token="RPARENTHESIS"><location loc="127.26--127.26"/></term><term lexeme="newB" token="IDENTIFIER"><location loc="128.13--128.16"/></term><term lexeme="(" token="LPARENTHESIS"><location loc="128.17--128.17"/></term><term lexeme="j" token="IDENTIFIER"><location loc="128.18--128.18"/></term><term lexeme="," token="COMMA"><location loc="128.19--128.19"/></term><term lexeme="m" token="IDENTIFIER"><location loc="128.20--128.20"/></term><term lexeme=")" token="RPARENTHESIS"><location loc="128.21--128.21"/></term><term lexeme="=" token="ASSIGN"><location loc="128.23--128.23"/></term><term lexeme="b" token="IDENTIFIER"><location loc="128.25--128.25"/></term><term lexeme="(" token="LPARENTHESIS"><location loc="128.26--128.26"/></term><term lexeme="j" token="IDENTIFIER"><location loc="128.27--128.27"/></term><term lexeme="," token="COMMA"><location loc="128.28--128.28"/></term><term lexeme="2" token="INTCONST"><location loc="128.29--128.29"/></term><term lexeme=")" token="RPARENTHESIS"><location loc="128.30--128.30"/></term><term lexeme=";" token="SEMIC"><location loc="128.31--128.31"/></term><term lexeme="newx0" token="IDENTIFIER"><location loc="129.13--129.17"/></term><term lexeme="(" token="LPARENTHESIS"><location loc="129.18--129.18"/></term><term lexeme="j" token="IDENTIFIER"><location loc="129.19--129.19"/></term><term lexeme="," token="COMMA"><location loc="129.20--129.20"/></term><term lexeme="m" token="IDENTIFIER"><location loc="129.21--129.21"/></term><term lexeme=")" token="RPARENTHESIS"><location loc="129.22--129.22"/></term><term lexeme="=" token="ASSIGN"><location loc="129.24--129.24"/></term><term lexeme="x0" token="IDENTIFIER"><location loc="129.26--129.27"/></term><term lexeme="(" token="LPARENTHESIS"><location loc="129.28--129.28"/></term><term lexeme="j" token="IDENTIFIER"><location loc="129.29--129.29"/></term><term lexeme="," token="COMMA"><location loc="129.30--129.30"/></term><term lexeme="2" token="INTCONST"><location loc="129.31--129.31"/></term><term lexeme=")" token="RPARENTHESIS"><location loc="129.32--129.32"/></term><term lexeme=";" token="SEMIC"><location loc="129.33--129.33"/></term><term lexeme="elseif" token="IDENTIFIER"><location loc="130.9--130.14"/></term><term lexeme="w" token="IDENTIFIER"><location loc="130.16--130.16"/></term><term lexeme="&gt;" token="GTH"><location loc="130.18--130.18"/></term><term lexeme="0" token="INTCONST"><location loc="130.20--130.20"/></term><term lexeme="." token="DOT"><location loc="130.21--130.21"/></term><term lexeme="5" token="INTCONST"><location loc="130.22--130.22"/></term><term lexeme="+" token="ADD"><location loc="130.23--130.23"/></term><term lexeme="(" token="LPARENTHESIS"><location loc="130.24--130.24"/></term><term lexeme="mut" token="IDENTIFIER"><location loc="130.25--130.27"/></term><term lexeme="*" token="MUL"><location loc="130.28--130.28"/></term><term lexeme="n" token="IDENTIFIER"><location loc="130.29--130.29"/></term><term lexeme=")" token="RPARENTHESIS"><location loc="130.30--130.30"/></term><term lexeme="newB" token="IDENTIFIER"><location loc="131.13--131.16"/></term><term lexeme="(" token="LPARENTHESIS"><location loc="131.17--131.17"/></term><term lexeme="j" token="IDENTIFIER"><location loc="131.18--131.18"/></term><term lexeme="," token="COMMA"><location loc="131.19--131.19"/></term><term lexeme="m" token="IDENTIFIER"><location loc="131.20--131.20"/></term><term lexeme=")" token="RPARENTHESIS"><location loc="131.21--131.21"/></term><term lexeme="=" token="ASSIGN"><location loc="131.23--131.23"/></term><term lexeme="b" token="IDENTIFIER"><location loc="131.25--131.25"/></term><term lexeme="(" token="LPARENTHESIS"><location loc="131.26--131.26"/></term><term lexeme="j" token="IDENTIFIER"><location loc="131.27--131.27"/></term><term lexeme="," token="COMMA"><location loc="131.28--131.28"/></term><term lexeme="3" token="INTCONST"><location loc="131.29--131.29"/></term><term lexeme=")" token="RPARENTHESIS"><location loc="131.30--131.30"/></term><term lexeme=";" token="SEMIC"><location loc="131.31--131.31"/></term><term lexeme="newx0" token="IDENTIFIER"><location loc="132.13--132.17"/></term><term lexeme="(" token="LPARENTHESIS"><location loc="132.18--132.18"/></term><term lexeme="j" token="IDENTIFIER"><location loc="132.19--132.19"/></term><term lexeme="," token="COMMA"><location loc="132.20--132.20"/></term><term lexeme="m" token="IDENTIFIER"><location loc="132.21--132.21"/></term><term lexeme=")" token="RPARENTHESIS"><location loc="132.22--132.22"/></term><term lexeme="=" token="ASSIGN"><location loc="132.24--132.24"/></term><term lexeme="x0" token="IDENTIFIER"><location loc="132.26--132.27"/></term><term lexeme="(" token="LPARENTHESIS"><location loc="132.28--132.28"/></term><term lexeme="j" token="IDENTIFIER"><location loc="132.29--132.29"/></term><term lexeme="," token="COMMA"><location loc="132.30--132.30"/></term><term lexeme="3" token="INTCONST"><location loc="132.31--132.31"/></term><term lexeme=")" token="RPARENTHESIS"><location loc="132.32--132.32"/></term><term lexeme=";" token="SEMIC"><location loc="132.33--132.33"/></term><term lexeme="else" token="ELSE"><location loc="133.9--133.12"/></term><term lexeme="newx0" token="IDENTIFIER"><location loc="135.13--135.17"/></term><term lexeme="(" token="LPARENTHESIS"><location loc="135.18--135.18"/></term><term lexeme="j" token="IDENTIFIER"><location loc="135.19--135.19"/></term><term lexeme="," token="COMMA"><location loc="135.20--135.20"/></term><term lexeme="m" token="IDENTIFIER"><location loc="135.21--135.21"/></term><term lexeme=")" token="RPARENTHESIS"><location loc="135.22--135.22"/></term><term lexeme="=" token="ASSIGN"><location loc="135.24--135.24"/></term><term lexeme="unifrnd" token="IDENTIFIER"><location loc="135.26--135.32"/></term><term lexeme="(" token="LPARENTHESIS"><location loc="135.33--135.33"/></term><term lexeme="minPop" token="IDENTIFIER"><location loc="135.34--135.39"/></term><term lexeme="," token="COMMA"><location loc="135.40--135.40"/></term><term lexeme="maxPop" token="IDENTIFIER"><location loc="135.42--135.47"/></term><term lexeme=")" token="RPARENTHESIS"><location loc="135.48--135.48"/></term><term lexeme=";" token="SEMIC"><location loc="135.49--135.49"/></term><term lexeme="if" token="IF"><location loc="136.13--136.14"/></term><term lexeme="b" token="IDENTIFIER"><location loc="136.16--136.16"/></term><term lexeme="(" token="LPARENTHESIS"><location loc="136.17--136.17"/></term><term lexeme="j" token="IDENTIFIER"><location loc="136.18--136.18"/></term><term lexeme="," token="COMMA"><location loc="136.19--136.19"/></term><term lexeme="1" token="INTCONST"><location loc="136.20--136.20"/></term><term lexeme=")" token="RPARENTHESIS"><location loc="136.21--136.21"/></term><term lexeme="==" token="EQU"><location loc="136.23--136.24"/></term><term lexeme="0" token="INTCONST"><location loc="136.26--136.26"/></term><term lexeme="newB" token="IDENTIFIER"><location loc="137.17--137.20"/></term><term lexeme="(" token="LPARENTHESIS"><location loc="137.21--137.21"/></term><term lexeme="j" token="IDENTIFIER"><location loc="137.22--137.22"/></term><term lexeme="," token="COMMA"><location loc="137.23--137.23"/></term><term lexeme="m" token="IDENTIFIER"><location loc="137.24--137.24"/></term><term lexeme=")" token="RPARENTHESIS"><location loc="137.25--137.25"/></term><term lexeme="=" token="ASSIGN"><location loc="137.27--137.27"/></term><term lexeme="0" token="INTCONST"><location loc="137.29--137.29"/></term><term lexeme=";" token="SEMIC"><location loc="137.30--137.30"/></term><term lexeme="elseif" token="IDENTIFIER"><location loc="138.13--138.18"/></term><term lexeme="b" token="IDENTIFIER"><location loc="138.20--138.20"/></term><term lexeme="(" token="LPARENTHESIS"><location loc="138.21--138.21"/></term><term lexeme="j" token="IDENTIFIER"><location loc="138.22--138.22"/></term><term lexeme="," token="COMMA"><location loc="138.23--138.23"/></term><term lexeme="1" token="INTCONST"><location loc="138.24--138.24"/></term><term lexeme=")" token="RPARENTHESIS"><location loc="138.25--138.25"/></term><term lexeme="&lt;" token="LTH"><location loc="138.27--138.27"/></term><term lexeme="0" token="INTCONST"><location loc="138.29--138.29"/></term><term lexeme="newB" token="IDENTIFIER"><location loc="139.17--139.20"/></term><term lexeme="(" token="LPARENTHESIS"><location loc="139.21--139.21"/></term><term lexeme="j" token="IDENTIFIER"><location loc="139.22--139.22"/></term><term lexeme="," token="COMMA"><location loc="139.23--139.23"/></term><term lexeme="m" token="IDENTIFIER"><location loc="139.24--139.24"/></term><term lexeme=")" token="RPARENTHESIS"><location loc="139.25--139.25"/></term><term lexeme="=" token="ASSIGN"><location loc="139.27--139.27"/></term><term lexeme="-" token="SUB"><location loc="139.29--139.29"/></term><term lexeme="rand" token="IDENTIFIER"><location loc="139.30--139.33"/></term><term lexeme=";" token="SEMIC"><location loc="139.34--139.34"/></term><term lexeme="else" token="ELSE"><location loc="140.13--140.16"/></term><term lexeme="newB" token="IDENTIFIER"><location loc="141.17--141.20"/></term><term lexeme="(" token="LPARENTHESIS"><location loc="141.21--141.21"/></term><term lexeme="j" token="IDENTIFIER"><location loc="141.22--141.22"/></term><term lexeme="," token="COMMA"><location loc="141.23--141.23"/></term><term lexeme="m" token="IDENTIFIER"><location loc="141.24--141.24"/></term><term lexeme=")" token="RPARENTHESIS"><location loc="141.25--141.25"/></term><term lexeme="=" token="ASSIGN"><location loc="141.27--141.27"/></term><term lexeme="rand" token="IDENTIFIER"><location loc="141.29--141.32"/></term><term lexeme=";" token="SEMIC"><location loc="141.33--141.33"/></term><term lexeme="end" token="END"><location loc="142.13--142.15"/></term><term lexeme="end" token="END"><location loc="143.9--143.11"/></term><term lexeme="end" token="END"><location loc="144.5--144.7"/></term><term lexeme="m" token="IDENTIFIER"><location loc="145.5--145.5"/></term><term lexeme="=" token="ASSIGN"><location loc="145.7--145.7"/></term><term lexeme="m" token="IDENTIFIER"><location loc="145.9--145.9"/></term><term lexeme="+" token="ADD"><location loc="145.10--145.10"/></term><term lexeme="1" token="INTCONST"><location loc="145.11--145.11"/></term><term lexeme=";" token="SEMIC"><location loc="145.12--145.12"/></term><term lexeme="end" token="END"><location loc="146.1--146.3"/></term><term lexeme="i" token="IDENTIFIER"><location loc="150.1--150.1"/></term><term lexeme="=" token="ASSIGN"><location loc="150.3--150.3"/></term><term lexeme="3" token="INTCONST"><location loc="150.5--150.5"/></term><term lexeme=";" token="SEMIC"><location loc="150.6--150.6"/></term><term lexeme="while" token="WHILE"><location loc="151.1--151.5"/></term><term lexeme="m" token="IDENTIFIER"><location loc="151.7--151.7"/></term><term lexeme="&lt;=" token="LEQ"><location loc="151.9--151.10"/></term><term lexeme="s" token="IDENTIFIER"><location loc="151.12--151.12"/></term><term lexeme="for" token="IDENTIFIER"><location loc="152.5--152.7"/></term><term lexeme="j" token="IDENTIFIER"><location loc="152.9--152.9"/></term><term lexeme="=" token="ASSIGN"><location loc="152.11--152.11"/></term><term lexeme="1" token="INTCONST"><location loc="152.13--152.13"/></term><term lexeme=":" token="COLON"><location loc="152.15--152.15"/></term><term lexeme="n" token="IDENTIFIER"><location loc="152.17--152.17"/></term><term lexeme="for" token="IDENTIFIER"><location loc="153.9--153.11"/></term><term lexeme="k" token="IDENTIFIER"><location loc="153.13--153.13"/></term><term lexeme="=" token="ASSIGN"><location loc="153.15--153.15"/></term><term lexeme="1" token="INTCONST"><location loc="153.17--153.17"/></term><term lexeme=":" token="COLON"><location loc="153.19--153.19"/></term><term lexeme="n" token="IDENTIFIER"><location loc="153.21--153.21"/></term><term lexeme="if" token="IF"><location loc="156.13--156.14"/></term><term lexeme="A" token="IDENTIFIER"><location loc="156.16--156.16"/></term><term lexeme="(" token="LPARENTHESIS"><location loc="156.17--156.17"/></term><term lexeme="k" token="IDENTIFIER"><location loc="156.18--156.18"/></term><term lexeme="," token="COMMA"><location loc="156.19--156.19"/></term><term lexeme="j" token="IDENTIFIER"><location loc="156.20--156.20"/></term><term lexeme="," token="COMMA"><location loc="156.21--156.21"/></term><term lexeme="i" token="IDENTIFIER"><location loc="156.22--156.22"/></term><term lexeme=")" token="RPARENTHESIS"><location loc="156.23--156.23"/></term><term lexeme="==" token="EQU"><location loc="156.25--156.26"/></term><term lexeme="0" token="INTCONST"><location loc="156.28--156.28"/></term><term lexeme="continue" token="IDENTIFIER"><location loc="157.17--157.24"/></term><term lexeme="end" token="END"><location loc="158.13--158.15"/></term><term lexeme="w" token="IDENTIFIER"><location loc="159.13--159.13"/></term><term lexeme="=" token="ASSIGN"><location loc="159.15--159.15"/></term><term lexeme="rand" token="IDENTIFIER"><location loc="159.17--159.20"/></term><term lexeme="(" token="LPARENTHESIS"><location loc="159.21--159.21"/></term><term lexeme="1" token="INTCONST"><location loc="159.22--159.22"/></term><term lexeme="," token="COMMA"><location loc="159.23--159.23"/></term><term lexeme="1" token="INTCONST"><location loc="159.24--159.24"/></term><term lexeme=")" token="RPARENTHESIS"><location loc="159.25--159.25"/></term><term lexeme=";" token="SEMIC"><location loc="159.26--159.26"/></term><term lexeme="if" token="IF"><location loc="160.13--160.14"/></term><term lexeme="w" token="IDENTIFIER"><location loc="160.16--160.16"/></term><term lexeme="&lt;" token="LTH"><location loc="160.18--160.18"/></term><term lexeme="0" token="INTCONST"><location loc="160.20--160.20"/></term><term lexeme="." token="DOT"><location loc="160.21--160.21"/></term><term lexeme="5" token="INTCONST"><location loc="160.22--160.22"/></term><term lexeme="-" token="SUB"><location loc="160.23--160.23"/></term><term lexeme="mut" token="IDENTIFIER"><location loc="160.24--160.26"/></term><term lexeme="newA" token="IDENTIFIER"><location loc="161.17--161.20"/></term><term lexeme="(" token="LPARENTHESIS"><location loc="161.21--161.21"/></term><term lexeme="k" token="IDENTIFIER"><location loc="161.22--161.22"/></term><term lexeme="," token="COMMA"><location loc="161.23--161.23"/></term><term lexeme="j" token="IDENTIFIER"><location loc="161.24--161.24"/></term><term lexeme="," token="COMMA"><location loc="161.25--161.25"/></term><term lexeme="m" token="IDENTIFIER"><location loc="161.26--161.26"/></term><term lexeme=")" token="RPARENTHESIS"><location loc="161.27--161.27"/></term><term lexeme="=" token="ASSIGN"><location loc="161.29--161.29"/></term><term lexeme="A" token="IDENTIFIER"><location loc="161.31--161.31"/></term><term lexeme="(" token="LPARENTHESIS"><location loc="161.32--161.32"/></term><term lexeme="k" token="IDENTIFIER"><location loc="161.33--161.33"/></term><term lexeme="," token="COMMA"><location loc="161.34--161.34"/></term><term lexeme="j" token="IDENTIFIER"><location loc="161.35--161.35"/></term><term lexeme="," token="COMMA"><location loc="161.36--161.36"/></term><term lexeme="i" token="IDENTIFIER"><location loc="161.37--161.37"/></term><term lexeme=")" token="RPARENTHESIS"><location loc="161.38--161.38"/></term><term lexeme=";" token="SEMIC"><location loc="161.39--161.39"/></term><term lexeme="elseif" token="IDENTIFIER"><location loc="162.13--162.18"/></term><term lexeme="w" token="IDENTIFIER"><location loc="162.20--162.20"/></term><term lexeme="&gt;" token="GTH"><location loc="162.22--162.22"/></term><term lexeme="0" token="INTCONST"><location loc="162.24--162.24"/></term><term lexeme="." token="DOT"><location loc="162.25--162.25"/></term><term lexeme="5" token="INTCONST"><location loc="162.26--162.26"/></term><term lexeme="+" token="ADD"><location loc="162.27--162.27"/></term><term lexeme="mut" token="IDENTIFIER"><location loc="162.28--162.30"/></term><term lexeme="newA" token="IDENTIFIER"><location loc="163.17--163.20"/></term><term lexeme="(" token="LPARENTHESIS"><location loc="163.21--163.21"/></term><term lexeme="k" token="IDENTIFIER"><location loc="163.22--163.22"/></term><term lexeme="," token="COMMA"><location loc="163.23--163.23"/></term><term lexeme="j" token="IDENTIFIER"><location loc="163.24--163.24"/></term><term lexeme="," token="COMMA"><location loc="163.25--163.25"/></term><term lexeme="m" token="IDENTIFIER"><location loc="163.26--163.26"/></term><term lexeme=")" token="RPARENTHESIS"><location loc="163.27--163.27"/></term><term lexeme="=" token="ASSIGN"><location loc="163.29--163.29"/></term><term lexeme="A" token="IDENTIFIER"><location loc="163.31--163.31"/></term><term lexeme="(" token="LPARENTHESIS"><location loc="163.32--163.32"/></term><term lexeme="k" token="IDENTIFIER"><location loc="163.33--163.33"/></term><term lexeme="," token="COMMA"><location loc="163.34--163.34"/></term><term lexeme="j" token="IDENTIFIER"><location loc="163.35--163.35"/></term><term lexeme="," token="COMMA"><location loc="163.36--163.36"/></term><term lexeme="i" token="IDENTIFIER"><location loc="163.37--163.37"/></term><term lexeme="+" token="ADD"><location loc="163.38--163.38"/></term><term lexeme="1" token="INTCONST"><location loc="163.39--163.39"/></term><term lexeme=")" token="RPARENTHESIS"><location loc="163.40--163.40"/></term><term lexeme=";" token="SEMIC"><location loc="163.41--163.41"/></term><term lexeme="else" token="ELSE"><location loc="164.13--164.16"/></term><term lexeme="if" token="IF"><location loc="166.17--166.18"/></term><term lexeme="A" token="IDENTIFIER"><location loc="166.20--166.20"/></term><term lexeme="(" token="LPARENTHESIS"><location loc="166.21--166.21"/></term><term lexeme="k" token="IDENTIFIER"><location loc="166.22--166.22"/></term><term lexeme="," token="COMMA"><location loc="166.23--166.23"/></term><term lexeme="j" token="IDENTIFIER"><location loc="166.24--166.24"/></term><term lexeme="," token="COMMA"><location loc="166.25--166.25"/></term><term lexeme="1" token="INTCONST"><location loc="166.26--166.26"/></term><term lexeme=")" token="RPARENTHESIS"><location loc="166.27--166.27"/></term><term lexeme="==" token="EQU"><location loc="166.29--166.30"/></term><term lexeme="0" token="INTCONST"><location loc="166.32--166.32"/></term><term lexeme="newA" token="IDENTIFIER"><location loc="167.21--167.24"/></term><term lexeme="(" token="LPARENTHESIS"><location loc="167.25--167.25"/></term><term lexeme="k" token="IDENTIFIER"><location loc="167.26--167.26"/></term><term lexeme="," token="COMMA"><location loc="167.27--167.27"/></term><term lexeme="j" token="IDENTIFIER"><location loc="167.28--167.28"/></term><term lexeme="," token="COMMA"><location loc="167.29--167.29"/></term><term lexeme="m" token="IDENTIFIER"><location loc="167.30--167.30"/></term><term lexeme=")" token="RPARENTHESIS"><location loc="167.31--167.31"/></term><term lexeme="=" token="ASSIGN"><location loc="167.33--167.33"/></term><term lexeme="0" token="INTCONST"><location loc="167.35--167.35"/></term><term lexeme=";" token="SEMIC"><location loc="167.36--167.36"/></term><term lexeme="elseif" token="IDENTIFIER"><location loc="168.17--168.22"/></term><term lexeme="A" token="IDENTIFIER"><location loc="168.24--168.24"/></term><term lexeme="(" token="LPARENTHESIS"><location loc="168.25--168.25"/></term><term lexeme="k" token="IDENTIFIER"><location loc="168.26--168.26"/></term><term lexeme="," token="COMMA"><location loc="168.27--168.27"/></term><term lexeme="j" token="IDENTIFIER"><location loc="168.28--168.28"/></term><term lexeme="," token="COMMA"><location loc="168.29--168.29"/></term><term lexeme="1" token="INTCONST"><location loc="168.30--168.30"/></term><term lexeme=")" token="RPARENTHESIS"><location loc="168.31--168.31"/></term><term lexeme="&lt;" token="LTH"><location loc="168.33--168.33"/></term><term lexeme="0" token="INTCONST"><location loc="168.35--168.35"/></term><term lexeme="newA" token="IDENTIFIER"><location loc="169.21--169.24"/></term><term lexeme="(" token="LPARENTHESIS"><location loc="169.25--169.25"/></term><term lexeme="k" token="IDENTIFIER"><location loc="169.26--169.26"/></term><term lexeme="," token="COMMA"><location loc="169.27--169.27"/></term><term lexeme="j" token="IDENTIFIER"><location loc="169.28--169.28"/></term><term lexeme="," token="COMMA"><location loc="169.29--169.29"/></term><term lexeme="m" token="IDENTIFIER"><location loc="169.30--169.30"/></term><term lexeme=")" token="RPARENTHESIS"><location loc="169.31--169.31"/></term><term lexeme="=" token="ASSIGN"><location loc="169.33--169.33"/></term><term lexeme="-" token="SUB"><location loc="169.35--169.35"/></term><term lexeme="rand" token="IDENTIFIER"><location loc="169.36--169.39"/></term><term lexeme=";" token="SEMIC"><location loc="169.40--169.40"/></term><term lexeme="else" token="ELSE"><location loc="170.17--170.20"/></term><term lexeme="newA" token="IDENTIFIER"><location loc="171.21--171.24"/></term><term lexeme="(" token="LPARENTHESIS"><location loc="171.25--171.25"/></term><term lexeme="k" token="IDENTIFIER"><location loc="171.26--171.26"/></term><term lexeme="," token="COMMA"><location loc="171.27--171.27"/></term><term lexeme="j" token="IDENTIFIER"><location loc="171.28--171.28"/></term><term lexeme="," token="COMMA"><location loc="171.29--171.29"/></term><term lexeme="m" token="IDENTIFIER"><location loc="171.30--171.30"/></term><term lexeme=")" token="RPARENTHESIS"><location loc="171.31--171.31"/></term><term lexeme="=" token="ASSIGN"><location loc="171.33--171.33"/></term><term lexeme="rand" token="IDENTIFIER"><location loc="171.35--171.38"/></term><term lexeme=";" token="SEMIC"><location loc="171.39--171.39"/></term><term lexeme="end" token="END"><location loc="172.17--172.19"/></term><term lexeme="end" token="END"><location loc="173.13--173.15"/></term><term lexeme="end" token="END"><location loc="174.9--174.11"/></term><term lexeme="w" token="IDENTIFIER"><location loc="176.9--176.9"/></term><term lexeme="=" token="ASSIGN"><location loc="176.11--176.11"/></term><term lexeme="rand" token="IDENTIFIER"><location loc="176.13--176.16"/></term><term lexeme="(" token="LPARENTHESIS"><location loc="176.17--176.17"/></term><term lexeme="1" token="INTCONST"><location loc="176.18--176.18"/></term><term lexeme="," token="COMMA"><location loc="176.19--176.19"/></term><term lexeme="1" token="INTCONST"><location loc="176.20--176.20"/></term><term lexeme=")" token="RPARENTHESIS"><location loc="176.21--176.21"/></term><term lexeme=";" token="SEMIC"><location loc="176.22--176.22"/></term><term lexeme="if" token="IF"><location loc="177.9--177.10"/></term><term lexeme="w" token="IDENTIFIER"><location loc="177.12--177.12"/></term><term lexeme="&lt;" token="LTH"><location loc="177.14--177.14"/></term><term lexeme="0" token="INTCONST"><location loc="177.16--177.16"/></term><term lexeme="." token="DOT"><location loc="177.17--177.17"/></term><term lexeme="5" token="INTCONST"><location loc="177.18--177.18"/></term><term lexeme="-" token="SUB"><location loc="177.19--177.19"/></term><term lexeme="(" token="LPARENTHESIS"><location loc="177.20--177.20"/></term><term lexeme="mut" token="IDENTIFIER"><location loc="177.21--177.23"/></term><term lexeme="*" token="MUL"><location loc="177.24--177.24"/></term><term lexeme="n" token="IDENTIFIER"><location loc="177.25--177.25"/></term><term lexeme=")" token="RPARENTHESIS"><location loc="177.26--177.26"/></term><term lexeme="newB" token="IDENTIFIER"><location loc="178.13--178.16"/></term><term lexeme="(" token="LPARENTHESIS"><location loc="178.17--178.17"/></term><term lexeme="j" token="IDENTIFIER"><location loc="178.18--178.18"/></term><term lexeme="," token="COMMA"><location loc="178.19--178.19"/></term><term lexeme="m" token="IDENTIFIER"><location loc="178.20--178.20"/></term><term lexeme=")" token="RPARENTHESIS"><location loc="178.21--178.21"/></term><term lexeme="=" token="ASSIGN"><location loc="178.23--178.23"/></term><term lexeme="b" token="IDENTIFIER"><location loc="178.25--178.25"/></term><term lexeme="(" token="LPARENTHESIS"><location loc="178.26--178.26"/></term><term lexeme="j" token="IDENTIFIER"><location loc="178.27--178.27"/></term><term lexeme="," token="COMMA"><location loc="178.28--178.28"/></term><term lexeme="i" token="IDENTIFIER"><location loc="178.29--178.29"/></term><term lexeme=")" token="RPARENTHESIS"><location loc="178.30--178.30"/></term><term lexeme=";" token="SEMIC"><location loc="178.31--178.31"/></term><term lexeme="newx0" token="IDENTIFIER"><location loc="179.13--179.17"/></term><term lexeme="(" token="LPARENTHESIS"><location loc="179.18--179.18"/></term><term lexeme="j" token="IDENTIFIER"><location loc="179.19--179.19"/></term><term lexeme="," token="COMMA"><location loc="179.20--179.20"/></term><term lexeme="m" token="IDENTIFIER"><location loc="179.21--179.21"/></term><term lexeme=")" token="RPARENTHESIS"><location loc="179.22--179.22"/></term><term lexeme="=" token="ASSIGN"><location loc="179.24--179.24"/></term><term lexeme="x0" token="IDENTIFIER"><location loc="179.26--179.27"/></term><term lexeme="(" token="LPARENTHESIS"><location loc="179.28--179.28"/></term><term lexeme="j" token="IDENTIFIER"><location loc="179.29--179.29"/></term><term lexeme="," token="COMMA"><location loc="179.30--179.30"/></term><term lexeme="i" token="IDENTIFIER"><location loc="179.31--179.31"/></term><term lexeme=")" token="RPARENTHESIS"><location loc="179.32--179.32"/></term><term lexeme=";" token="SEMIC"><location loc="179.33--179.33"/></term><term lexeme="elseif" token="IDENTIFIER"><location loc="180.9--180.14"/></term><term lexeme="w" token="IDENTIFIER"><location loc="180.16--180.16"/></term><term lexeme="&gt;" token="GTH"><location loc="180.18--180.18"/></term><term lexeme="0" token="INTCONST"><location loc="180.20--180.20"/></term><term lexeme="." token="DOT"><location loc="180.21--180.21"/></term><term lexeme="5" token="INTCONST"><location loc="180.22--180.22"/></term><term lexeme="+" token="ADD"><location loc="180.23--180.23"/></term><term lexeme="(" token="LPARENTHESIS"><location loc="180.24--180.24"/></term><term lexeme="mut" token="IDENTIFIER"><location loc="180.25--180.27"/></term><term lexeme="*" token="MUL"><location loc="180.28--180.28"/></term><term lexeme="n" token="IDENTIFIER"><location loc="180.29--180.29"/></term><term lexeme=")" token="RPARENTHESIS"><location loc="180.30--180.30"/></term><term lexeme="newB" token="IDENTIFIER"><location loc="181.13--181.16"/></term><term lexeme="(" token="LPARENTHESIS"><location loc="181.17--181.17"/></term><term lexeme="j" token="IDENTIFIER"><location loc="181.18--181.18"/></term><term lexeme="," token="COMMA"><location loc="181.19--181.19"/></term><term lexeme="m" token="IDENTIFIER"><location loc="181.20--181.20"/></term><term lexeme=")" token="RPARENTHESIS"><location loc="181.21--181.21"/></term><term lexeme="=" token="ASSIGN"><location loc="181.23--181.23"/></term><term lexeme="b" token="IDENTIFIER"><location loc="181.25--181.25"/></term><term lexeme="(" token="LPARENTHESIS"><location loc="181.26--181.26"/></term><term lexeme="j" token="IDENTIFIER"><location loc="181.27--181.27"/></term><term lexeme="," token="COMMA"><location loc="181.28--181.28"/></term><term lexeme="i" token="IDENTIFIER"><location loc="181.29--181.29"/></term><term lexeme="+" token="ADD"><location loc="181.30--181.30"/></term><term lexeme="1" token="INTCONST"><location loc="181.31--181.31"/></term><term lexeme=")" token="RPARENTHESIS"><location loc="181.32--181.32"/></term><term lexeme=";" token="SEMIC"><location loc="181.33--181.33"/></term><term lexeme="newx0" token="IDENTIFIER"><location loc="182.13--182.17"/></term><term lexeme="(" token="LPARENTHESIS"><location loc="182.18--182.18"/></term><term lexeme="j" token="IDENTIFIER"><location loc="182.19--182.19"/></term><term lexeme="," token="COMMA"><location loc="182.20--182.20"/></term><term lexeme="m" token="IDENTIFIER"><location loc="182.21--182.21"/></term><term lexeme=")" token="RPARENTHESIS"><location loc="182.22--182.22"/></term><term lexeme="=" token="ASSIGN"><location loc="182.24--182.24"/></term><term lexeme="x0" token="IDENTIFIER"><location loc="182.26--182.27"/></term><term lexeme="(" token="LPARENTHESIS"><location loc="182.28--182.28"/></term><term lexeme="j" token="IDENTIFIER"><location loc="182.29--182.29"/></term><term lexeme="," token="COMMA"><location loc="182.30--182.30"/></term><term lexeme="i" token="IDENTIFIER"><location loc="182.31--182.31"/></term><term lexeme="+" token="ADD"><location loc="182.32--182.32"/></term><term lexeme="1" token="INTCONST"><location loc="182.33--182.33"/></term><term lexeme=")" token="RPARENTHESIS"><location loc="182.34--182.34"/></term><term lexeme=";" token="SEMIC"><location loc="182.35--182.35"/></term><term lexeme="else" token="ELSE"><location loc="183.9--183.12"/></term><term lexeme="newx0" token="IDENTIFIER"><location loc="185.13--185.17"/></term><term lexeme="(" token="LPARENTHESIS"><location loc="185.18--185.18"/></term><term lexeme="j" token="IDENTIFIER"><location loc="185.19--185.19"/></term><term lexeme="," token="COMMA"><location loc="185.20--185.20"/></term><term lexeme="m" token="IDENTIFIER"><location loc="185.21--185.21"/></term><term lexeme=")" token="RPARENTHESIS"><location loc="185.22--185.22"/></term><term lexeme="=" token="ASSIGN"><location loc="185.24--185.24"/></term><term lexeme="unifrnd" token="IDENTIFIER"><location loc="185.26--185.32"/></term><term lexeme="(" token="LPARENTHESIS"><location loc="185.33--185.33"/></term><term lexeme="minPop" token="IDENTIFIER"><location loc="185.34--185.39"/></term><term lexeme="," token="COMMA"><location loc="185.40--185.40"/></term><term lexeme="maxPop" token="IDENTIFIER"><location loc="185.42--185.47"/></term><term lexeme=")" token="RPARENTHESIS"><location loc="185.48--185.48"/></term><term lexeme=";" token="SEMIC"><location loc="185.49--185.49"/></term><term lexeme="if" token="IF"><location loc="186.13--186.14"/></term><term lexeme="b" token="IDENTIFIER"><location loc="186.16--186.16"/></term><term lexeme="(" token="LPARENTHESIS"><location loc="186.17--186.17"/></term><term lexeme="j" token="IDENTIFIER"><location loc="186.18--186.18"/></term><term lexeme="," token="COMMA"><location loc="186.19--186.19"/></term><term lexeme="1" token="INTCONST"><location loc="186.20--186.20"/></term><term lexeme=")" token="RPARENTHESIS"><location loc="186.21--186.21"/></term><term lexeme="==" token="EQU"><location loc="186.23--186.24"/></term><term lexeme="0" token="INTCONST"><location loc="186.26--186.26"/></term><term lexeme="newB" token="IDENTIFIER"><location loc="187.17--187.20"/></term><term lexeme="(" token="LPARENTHESIS"><location loc="187.21--187.21"/></term><term lexeme="j" token="IDENTIFIER"><location loc="187.22--187.22"/></term><term lexeme="," token="COMMA"><location loc="187.23--187.23"/></term><term lexeme="m" token="IDENTIFIER"><location loc="187.24--187.24"/></term><term lexeme=")" token="RPARENTHESIS"><location loc="187.25--187.25"/></term><term lexeme="=" token="ASSIGN"><location loc="187.27--187.27"/></term><term lexeme="0" token="INTCONST"><location loc="187.29--187.29"/></term><term lexeme=";" token="SEMIC"><location loc="187.30--187.30"/></term><term lexeme="elseif" token="IDENTIFIER"><location loc="188.13--188.18"/></term><term lexeme="b" token="IDENTIFIER"><location loc="188.20--188.20"/></term><term lexeme="(" token="LPARENTHESIS"><location loc="188.21--188.21"/></term><term lexeme="j" token="IDENTIFIER"><location loc="188.22--188.22"/></term><term lexeme="," token="COMMA"><location loc="188.23--188.23"/></term><term lexeme="1" token="INTCONST"><location loc="188.24--188.24"/></term><term lexeme=")" token="RPARENTHESIS"><location loc="188.25--188.25"/></term><term lexeme="&lt;" token="LTH"><location loc="188.27--188.27"/></term><term lexeme="0" token="INTCONST"><location loc="188.29--188.29"/></term><term lexeme="newB" token="IDENTIFIER"><location loc="189.17--189.20"/></term><term lexeme="(" token="LPARENTHESIS"><location loc="189.21--189.21"/></term><term lexeme="j" token="IDENTIFIER"><location loc="189.22--189.22"/></term><term lexeme="," token="COMMA"><location loc="189.23--189.23"/></term><term lexeme="m" token="IDENTIFIER"><location loc="189.24--189.24"/></term><term lexeme=")" token="RPARENTHESIS"><location loc="189.25--189.25"/></term><term lexeme="=" token="ASSIGN"><location loc="189.27--189.27"/></term><term lexeme="-" token="SUB"><location loc="189.29--189.29"/></term><term lexeme="rand" token="IDENTIFIER"><location loc="189.30--189.33"/></term><term lexeme=";" token="SEMIC"><location loc="189.34--189.34"/></term><term lexeme="else" token="ELSE"><location loc="190.13--190.16"/></term><term lexeme="newB" token="IDENTIFIER"><location loc="191.17--191.20"/></term><term lexeme="(" token="LPARENTHESIS"><location loc="191.21--191.21"/></term><term lexeme="j" token="IDENTIFIER"><location loc="191.22--191.22"/></term><term lexeme="," token="COMMA"><location loc="191.23--191.23"/></term><term lexeme="m" token="IDENTIFIER"><location loc="191.24--191.24"/></term><term lexeme=")" token="RPARENTHESIS"><location loc="191.25--191.25"/></term><term lexeme="=" token="ASSIGN"><location loc="191.27--191.27"/></term><term lexeme="rand" token="IDENTIFIER"><location loc="191.29--191.32"/></term><term lexeme=";" token="SEMIC"><location loc="191.33--191.33"/></term><term lexeme="end" token="END"><location loc="192.13--192.15"/></term><term lexeme="end" token="END"><location loc="193.9--193.11"/></term><term lexeme="end" token="END"><location loc="194.5--194.7"/></term><term lexeme="m" token="IDENTIFIER"><location loc="195.5--195.5"/></term><term lexeme="=" token="ASSIGN"><location loc="195.7--195.7"/></term><term lexeme="m" token="IDENTIFIER"><location loc="195.9--195.9"/></term><term lexeme="+" token="ADD"><location loc="195.10--195.10"/></term><term lexeme="1" token="INTCONST"><location loc="195.11--195.11"/></term><term lexeme=";" token="SEMIC"><location loc="195.12--195.12"/></term><term lexeme="i" token="IDENTIFIER"><location loc="196.5--196.5"/></term><term lexeme="=" token="ASSIGN"><location loc="196.7--196.7"/></term><term lexeme="i" token="IDENTIFIER"><location loc="196.9--196.9"/></term><term lexeme="+" token="ADD"><location loc="196.10--196.10"/></term><term lexeme="1" token="INTCONST"><location loc="196.11--196.11"/></term><term lexeme=";" token="SEMIC"><location loc="196.12--196.12"/></term><term lexeme="end" token="END"><location loc="197.1--197.3"/></term><term lexeme="R" token="IDENTIFIER"><location loc="200.1--200.1"/></term><term lexeme="=" token="ASSIGN"><location loc="200.3--200.3"/></term><term lexeme="zeros" token="IDENTIFIER"><location loc="200.5--200.9"/></term><term lexeme="(" token="LPARENTHESIS"><location loc="200.10--200.10"/></term><term lexeme="s" token="IDENTIFIER"><location loc="200.11--200.11"/></term><term lexeme="," token="COMMA"><location loc="200.12--200.12"/></term><term lexeme="1" token="INTCONST"><location loc="200.13--200.13"/></term><term lexeme=")" token="RPARENTHESIS"><location loc="200.14--200.14"/></term><term lexeme=";" token="SEMIC"><location loc="200.15--200.15"/></term><term lexeme="for" token="IDENTIFIER"><location loc="201.1--201.3"/></term><term lexeme="i" token="IDENTIFIER"><location loc="201.5--201.5"/></term><term lexeme="=" token="ASSIGN"><location loc="201.7--201.7"/></term><term lexeme="1" token="INTCONST"><location loc="201.9--201.9"/></term><term lexeme=":" token="COLON"><location loc="201.11--201.11"/></term><term lexeme="s" token="IDENTIFIER"><location loc="201.13--201.13"/></term><term lexeme="R" token="IDENTIFIER"><location loc="203.5--203.5"/></term><term lexeme="(" token="LPARENTHESIS"><location loc="203.6--203.6"/></term><term lexeme="i" token="IDENTIFIER"><location loc="203.7--203.7"/></term><term lexeme=")" token="RPARENTHESIS"><location loc="203.8--203.8"/></term><term lexeme="=" token="ASSIGN"><location loc="203.10--203.10"/></term><term lexeme="hevrF" token="IDENTIFIER"><location loc="203.12--203.16"/></term><term lexeme="(" token="LPARENTHESIS"><location loc="203.17--203.17"/></term><term lexeme="newA" token="IDENTIFIER"><location loc="203.18--203.21"/></term><term lexeme="(" token="LPARENTHESIS"><location loc="203.22--203.22"/></term><term lexeme=":" token="COLON"><location loc="203.23--203.23"/></term><term lexeme="," token="COMMA"><location loc="203.24--203.24"/></term><term lexeme=":" token="COLON"><location loc="203.25--203.25"/></term><term lexeme="," token="COMMA"><location loc="203.26--203.26"/></term><term lexeme="i" token="IDENTIFIER"><location loc="203.27--203.27"/></term><term lexeme=")" token="RPARENTHESIS"><location loc="203.28--203.28"/></term><term lexeme="," token="COMMA"><location loc="203.29--203.29"/></term><term lexeme="newB" token="IDENTIFIER"><location loc="203.31--203.34"/></term><term lexeme="(" token="LPARENTHESIS"><location loc="203.35--203.35"/></term><term lexeme=":" token="COLON"><location loc="203.36--203.36"/></term><term lexeme="," token="COMMA"><location loc="203.37--203.37"/></term><term lexeme="i" token="IDENTIFIER"><location loc="203.39--203.39"/></term><term lexeme=")" token="RPARENTHESIS"><location loc="203.40--203.40"/></term><term lexeme="," token="COMMA"><location loc="203.41--203.41"/></term><term lexeme="newx0" token="IDENTIFIER"><location loc="203.43--203.47"/></term><term lexeme="(" token="LPARENTHESIS"><location loc="203.48--203.48"/></term><term lexeme=":" token="COLON"><location loc="203.49--203.49"/></term><term lexeme="," token="COMMA"><location loc="203.50--203.50"/></term><term lexeme="i" token="IDENTIFIER"><location loc="203.52--203.52"/></term><term lexeme=")" token="RPARENTHESIS"><location loc="203.53--203.53"/></term><term lexeme=")" token="RPARENTHESIS"><location loc="203.54--203.54"/></term><term lexeme=";" token="SEMIC"><location loc="203.55--203.55"/></term><term lexeme="end" token="END"><location loc="204.1--204.3"/></term><term lexeme="[" token="LBRACKET"><location loc="205.1--205.1"/></term><term lexeme="sortedR" token="IDENTIFIER"><location loc="205.2--205.8"/></term><term lexeme="," token="COMMA"><location loc="205.9--205.9"/></term><term lexeme="IX" token="IDENTIFIER"><location loc="205.10--205.11"/></term><term lexeme="]" token="RBRACKET"><location loc="205.12--205.12"/></term><term lexeme="=" token="ASSIGN"><location loc="205.14--205.14"/></term><term lexeme="sort" token="IDENTIFIER"><location loc="205.16--205.19"/></term><term lexeme="(" token="LPARENTHESIS"><location loc="205.20--205.20"/></term><term lexeme="R" token="IDENTIFIER"><location loc="205.21--205.21"/></term><term lexeme="," token="COMMA"><location loc="205.22--205.22"/></term><term lexeme="'d'" token="CHARCONST"><location loc="205.24--205.26"/></term><term lexeme="'e'" token="CHARCONST"><location loc="205.27--205.29"/></term><term lexeme="'s'" token="CHARCONST"><location loc="205.30--205.32"/></term><term lexeme="'c'" token="CHARCONST"><location loc="205.33--205.35"/></term><term lexeme="'e'" token="CHARCONST"><location loc="205.36--205.38"/></term><term lexeme="'n'" token="CHARCONST"><location loc="205.39--205.41"/></term><term lexeme="'d'" token="CHARCONST"><location loc="205.42--205.44"/></term><term lexeme=")" token="RPARENTHESIS"><location loc="205.45--205.45"/></term><term lexeme=";" token="SEMIC"><location loc="205.46--205.46"/></term><term lexeme="newA" token="IDENTIFIER"><location loc="206.1--206.4"/></term><term lexeme="=" token="ASSIGN"><location loc="206.6--206.6"/></term><term lexeme="newA" token="IDENTIFIER"><location loc="206.8--206.11"/></term><term lexeme="(" token="LPARENTHESIS"><location loc="206.12--206.12"/></term><term lexeme=":" token="COLON"><location loc="206.13--206.13"/></term><term lexeme="," token="COMMA"><location loc="206.14--206.14"/></term><term lexeme=":" token="COLON"><location loc="206.15--206.15"/></term><term lexeme="," token="COMMA"><location loc="206.16--206.16"/></term><term lexeme="IX" token="IDENTIFIER"><location loc="206.17--206.18"/></term><term lexeme=")" token="RPARENTHESIS"><location loc="206.19--206.19"/></term><term lexeme=";" token="SEMIC"><location loc="206.20--206.20"/></term><term lexeme="newB" token="IDENTIFIER"><location loc="207.1--207.4"/></term><term lexeme="=" token="ASSIGN"><location loc="207.6--207.6"/></term><term lexeme="newB" token="IDENTIFIER"><location loc="207.8--207.11"/></term><term lexeme="(" token="LPARENTHESIS"><location loc="207.12--207.12"/></term><term lexeme=":" token="COLON"><location loc="207.13--207.13"/></term><term lexeme="," token="COMMA"><location loc="207.14--207.14"/></term><term lexeme="IX" token="IDENTIFIER"><location loc="207.16--207.17"/></term><term lexeme=")" token="RPARENTHESIS"><location loc="207.18--207.18"/></term><term lexeme=";" token="SEMIC"><location loc="207.19--207.19"/></term><term lexeme="newx0" token="IDENTIFIER"><location loc="208.1--208.5"/></term><term lexeme="=" token="ASSIGN"><location loc="208.7--208.7"/></term><term lexeme="newx0" token="IDENTIFIER"><location loc="208.9--208.13"/></term><term lexeme="(" token="LPARENTHESIS"><location loc="208.14--208.14"/></term><term lexeme=":" token="COLON"><location loc="208.15--208.15"/></term><term lexeme="," token="COMMA"><location loc="208.16--208.16"/></term><term lexeme="IX" token="IDENTIFIER"><location loc="208.18--208.19"/></term><term lexeme=")" token="RPARENTHESIS"><location loc="208.20--208.20"/></term><term lexeme=";" token="SEMIC"><location loc="208.21--208.21"/></term><term lexeme="end" token="END"><location loc="209.1--209.3"/></term></lexan>