<?xml version="1.0" encoding="UTF-8" standalone="no"?><?xml-stylesheet type="text/xsl" href="./lexan.xsl"?><lexan><term lexeme="none" token="VOIDCONST"><location loc="3.1--3.4"/></term><term lexeme="true" token="BOOLCONST"><location loc="3.6--3.9"/></term><term lexeme="false" token="BOOLCONST"><location loc="3.11--3.15"/></term><term lexeme="null" token="PTRCONST"><location loc="3.17--3.20"/></term><term lexeme="' '" token="CHARCONST"><location loc="6.1--6.3"/></term><term lexeme="'k'" token="CHARCONST"><location loc="6.5--6.7"/></term><term lexeme="'K'" token="CHARCONST"><location loc="6.9--6.11"/></term><term lexeme="'4'" token="CHARCONST"><location loc="6.13--6.15"/></term><term lexeme="24234" token="INTCONST"><location loc="9.1--9.5"/></term><term lexeme="1236" token="INTCONST"><location loc="10.1--10.4"/></term><term lexeme="-" token="SUB"><location loc="11.1--11.1"/></term><term lexeme="7673" token="INTCONST"><location loc="11.2--11.5"/></term><term lexeme="+" token="ADD"><location loc="12.1--12.1"/></term><term lexeme="5367" token="INTCONST"><location loc="12.2--12.5"/></term><term lexeme="!" token="NOT"><location loc="15.1--15.1"/></term><term lexeme="|" token="IOR"><location loc="15.3--15.3"/></term><term lexeme="^" token="XOR"><location loc="15.5--15.5"/></term><term lexeme="&amp;" token="AND"><location loc="15.7--15.7"/></term><term lexeme="==" token="EQU"><location loc="15.9--15.10"/></term><term lexeme="!=" token="NEQ"><location loc="15.12--15.13"/></term><term lexeme="&lt;=" token="LEQ"><location loc="15.15--15.16"/></term><term lexeme="&gt;=" token="GEQ"><location loc="15.18--15.19"/></term><term lexeme="&lt;" token="LTH"><location loc="15.21--15.21"/></term><term lexeme="&gt;" token="GTH"><location loc="15.23--15.23"/></term><term lexeme="+" token="ADD"><location loc="15.25--15.25"/></term><term lexeme="-" token="SUB"><location loc="15.27--15.27"/></term><term lexeme="*" token="MUL"><location loc="15.29--15.29"/></term><term lexeme="/" token="DIV"><location loc="15.31--15.31"/></term><term lexeme="%" token="MOD"><location loc="15.33--15.33"/></term><term lexeme="$" token="ADDR"><location loc="15.35--15.35"/></term><term lexeme="@" token="DATA"><location loc="15.37--15.37"/></term><term lexeme="=" token="ASSIGN"><location loc="15.39--15.39"/></term><term lexeme="." token="DOT"><location loc="15.41--15.41"/></term><term lexeme="," token="COMMA"><location loc="15.43--15.43"/></term><term lexeme=":" token="COLON"><location loc="15.45--15.45"/></term><term lexeme=";" token="SEMIC"><location loc="15.47--15.47"/></term><term lexeme="[" token="LBRACKET"><location loc="15.49--15.49"/></term><term lexeme="]" token="RBRACKET"><location loc="15.51--15.51"/></term><term lexeme="(" token="LPARENTHESIS"><location loc="15.53--15.53"/></term><term lexeme=")" token="RPARENTHESIS"><location loc="15.55--15.55"/></term><term lexeme="{" token="LBRACE"><location loc="15.57--15.57"/></term><term lexeme="}" token="RBRACE"><location loc="15.59--15.59"/></term><term lexeme="arr" token="ARR"><location loc="18.1--18.3"/></term><term lexeme="bool" token="BOOL"><location loc="18.5--18.8"/></term><term lexeme="char" token="CHAR"><location loc="18.10--18.13"/></term><term lexeme="del" token="DEL"><location loc="18.15--18.17"/></term><term lexeme="do" token="DO"><location loc="18.19--18.20"/></term><term lexeme="else" token="ELSE"><location loc="18.22--18.25"/></term><term lexeme="end" token="END"><location loc="18.27--18.29"/></term><term lexeme="fun" token="FUN"><location loc="18.31--18.33"/></term><term lexeme="if" token="IF"><location loc="18.35--18.36"/></term><term lexeme="int" token="INT"><location loc="18.38--18.40"/></term><term lexeme="new" token="NEW"><location loc="18.42--18.44"/></term><term lexeme="ptr" token="PTR"><location loc="18.46--18.48"/></term><term lexeme="rec" token="REC"><location loc="18.50--18.52"/></term><term lexeme="then" token="THEN"><location loc="18.54--18.57"/></term><term lexeme="typ" token="TYP"><location loc="18.59--18.61"/></term><term lexeme="var" token="VAR"><location loc="18.63--18.65"/></term><term lexeme="void" token="VOID"><location loc="18.67--18.70"/></term><term lexeme="where" token="WHERE"><location loc="18.72--18.76"/></term><term lexeme="while" token="WHILE"><location loc="18.78--18.82"/></term><term lexeme="Tha_Namba_42" token="IDENTIFIER"><location loc="21.1--21.12"/></term><term lexeme="_N2o" token="IDENTIFIER"><location loc="21.14--21.17"/></term><term lexeme="jumbo" token="IDENTIFIER"><location loc="21.19--21.23"/></term><term lexeme="j3t" token="IDENTIFIER"><location loc="21.25--21.27"/></term><term lexeme="_if" token="IDENTIFIER"><location loc="21.29--21.31"/></term><term lexeme="doelse" token="IDENTIFIER"><location loc="21.33--21.38"/></term></lexan>