<?xml version="1.0" encoding="UTF-8" standalone="no"?><?xml-stylesheet type="text/xsl" href="./lexan.xsl"?><lexan><term lexeme="if" token="IF"><location loc="2.1--2.2"/></term><term lexeme="janez" token="IDENTIFIER"><location loc="2.4--2.8"/></term><term lexeme="==" token="EQU"><location loc="2.10--2.11"/></term><term lexeme="arr" token="ARR"><location loc="2.13--2.15"/></term><term lexeme="char" token="CHAR"><location loc="2.17--2.20"/></term><term lexeme="[" token="LBRACKET"><location loc="2.21--2.21"/></term><term lexeme="]" token="RBRACKET"><location loc="2.22--2.22"/></term><term lexeme="{" token="LBRACE"><location loc="2.23--2.23"/></term><term lexeme="'p'" token="CHARCONST"><location loc="2.24--2.26"/></term><term lexeme="'r'" token="CHARCONST"><location loc="2.27--2.29"/></term><term lexeme="'i'" token="CHARCONST"><location loc="2.30--2.32"/></term><term lexeme="'d'" token="CHARCONST"><location loc="2.33--2.35"/></term><term lexeme="'e'" token="CHARCONST"><location loc="2.36--2.38"/></term><term lexeme="'n'" token="CHARCONST"><location loc="2.39--2.41"/></term><term lexeme="}" token="RBRACE"><location loc="2.42--2.42"/></term><term lexeme="then" token="THEN"><location loc="2.44--2.47"/></term><term lexeme=":" token="COLON"><location loc="2.48--2.48"/></term><term lexeme="print" token="IDENTIFIER"><location loc="3.5--3.9"/></term><term lexeme="(" token="LPARENTHESIS"><location loc="3.10--3.10"/></term><term lexeme="4" token="INTCONST"><location loc="3.11--3.11"/></term><term lexeme="+" token="ADD"><location loc="3.12--3.12"/></term><term lexeme="5" token="INTCONST"><location loc="3.13--3.13"/></term><term lexeme="*" token="MUL"><location loc="3.14--3.14"/></term><term lexeme="11" token="INTCONST"><location loc="3.15--3.16"/></term><term lexeme=")" token="RPARENTHESIS"><location loc="3.17--3.17"/></term><term lexeme=";" token="SEMIC"><location loc="3.18--3.18"/></term><term lexeme="else" token="ELSE"><location loc="4.1--4.4"/></term><term lexeme="int" token="INT"><location loc="6.5--6.7"/></term><term lexeme="fige" token="IDENTIFIER"><location loc="6.9--6.12"/></term><term lexeme="=" token="ASSIGN"><location loc="6.14--6.14"/></term><term lexeme="444" token="INTCONST"><location loc="6.16--6.18"/></term><term lexeme=";" token="SEMIC"><location loc="6.19--6.19"/></term><term lexeme="fige" token="IDENTIFIER"><location loc="7.5--7.8"/></term><term lexeme="=" token="ASSIGN"><location loc="7.10--7.10"/></term><term lexeme="fige" token="IDENTIFIER"><location loc="7.12--7.15"/></term><term lexeme="/" token="DIV"><location loc="7.17--7.17"/></term><term lexeme="222" token="INTCONST"><location loc="7.19--7.21"/></term><term lexeme=";" token="SEMIC"><location loc="7.22--7.22"/></term><term lexeme="fun" token="FUN"><location loc="9.1--9.3"/></term><term lexeme="bool" token="BOOL"><location loc="9.5--9.8"/></term><term lexeme="je_to" token="IDENTIFIER"><location loc="9.10--9.14"/></term><term lexeme="(" token="LPARENTHESIS"><location loc="9.15--9.15"/></term><term lexeme="bool" token="BOOL"><location loc="9.16--9.19"/></term><term lexeme="x" token="IDENTIFIER"><location loc="9.21--9.21"/></term><term lexeme="," token="COMMA"><location loc="9.22--9.22"/></term><term lexeme="bool" token="BOOL"><location loc="9.24--9.27"/></term><term lexeme="y" token="IDENTIFIER"><location loc="9.29--9.29"/></term><term lexeme=")" token="RPARENTHESIS"><location loc="9.30--9.30"/></term><term lexeme=":" token="COLON"><location loc="9.31--9.31"/></term><term lexeme="z" token="IDENTIFIER"><location loc="10.5--10.5"/></term><term lexeme="=" token="ASSIGN"><location loc="10.7--10.7"/></term><term lexeme="new" token="NEW"><location loc="10.9--10.11"/></term><term lexeme="bool" token="BOOL"><location loc="10.13--10.16"/></term><term lexeme="z" token="IDENTIFIER"><location loc="11.5--11.5"/></term><term lexeme="=" token="ASSIGN"><location loc="11.7--11.7"/></term><term lexeme="x" token="IDENTIFIER"><location loc="11.9--11.9"/></term><term lexeme="^" token="XOR"><location loc="11.11--11.11"/></term><term lexeme="y" token="IDENTIFIER"><location loc="11.13--11.13"/></term><term lexeme="|" token="IOR"><location loc="11.15--11.15"/></term><term lexeme="true" token="BOOLCONST"><location loc="11.17--11.20"/></term><term lexeme="&amp;" token="AND"><location loc="11.22--11.22"/></term><term lexeme="!" token="NOT"><location loc="11.24--11.24"/></term><term lexeme="false" token="BOOLCONST"><location loc="11.25--11.29"/></term><term lexeme="z" token="IDENTIFIER"><location loc="12.5--12.5"/></term><term lexeme="=" token="ASSIGN"><location loc="12.7--12.7"/></term><term lexeme="z" token="IDENTIFIER"><location loc="12.9--12.9"/></term><term lexeme="&amp;" token="AND"><location loc="12.11--12.11"/></term><term lexeme="(" token="LPARENTHESIS"><location loc="12.13--12.13"/></term><term lexeme="4" token="INTCONST"><location loc="12.14--12.14"/></term><term lexeme="&lt;" token="LTH"><location loc="12.16--12.16"/></term><term lexeme="-" token="SUB"><location loc="12.18--12.18"/></term><term lexeme="2" token="INTCONST"><location loc="12.19--12.19"/></term><term lexeme=")" token="RPARENTHESIS"><location loc="12.20--12.20"/></term><term lexeme="|" token="IOR"><location loc="12.22--12.22"/></term><term lexeme="(" token="LPARENTHESIS"><location loc="12.24--12.24"/></term><term lexeme="12" token="INTCONST"><location loc="12.25--12.26"/></term><term lexeme="&gt;=" token="GEQ"><location loc="12.28--12.29"/></term><term lexeme="4" token="INTCONST"><location loc="12.31--12.31"/></term><term lexeme=")" token="RPARENTHESIS"><location loc="12.32--12.32"/></term><term lexeme="&amp;" token="AND"><location loc="12.34--12.34"/></term><term lexeme="(" token="LPARENTHESIS"><location loc="12.36--12.36"/></term><term lexeme="11" token="INTCONST"><location loc="12.37--12.38"/></term><term lexeme="&lt;=" token="LEQ"><location loc="12.40--12.41"/></term><term lexeme="+" token="ADD"><location loc="12.43--12.43"/></term><term lexeme="99" token="INTCONST"><location loc="12.44--12.45"/></term><term lexeme=")" token="RPARENTHESIS"><location loc="12.46--12.46"/></term><term lexeme="&amp;" token="AND"><location loc="12.48--12.48"/></term><term lexeme="(" token="LPARENTHESIS"><location loc="12.50--12.50"/></term><term lexeme="+" token="ADD"><location loc="12.51--12.51"/></term><term lexeme="'p'" token="CHARCONST"><location loc="12.52--12.54"/></term><term lexeme="'u'" token="CHARCONST"><location loc="12.55--12.57"/></term><term lexeme="'t'" token="CHARCONST"><location loc="12.58--12.60"/></term><term lexeme="'i'" token="CHARCONST"><location loc="12.61--12.63"/></term><term lexeme="'n'" token="CHARCONST"><location loc="12.64--12.66"/></term><term lexeme="&gt;" token="GTH"><location loc="12.68--12.68"/></term><term lexeme="-" token="SUB"><location loc="12.70--12.70"/></term><term lexeme="'p'" token="CHARCONST"><location loc="12.71--12.73"/></term><term lexeme="'u'" token="CHARCONST"><location loc="12.74--12.76"/></term><term lexeme="'t'" token="CHARCONST"><location loc="12.77--12.79"/></term><term lexeme="'o'" token="CHARCONST"><location loc="12.80--12.82"/></term><term lexeme="'u'" token="CHARCONST"><location loc="12.83--12.85"/></term><term lexeme="'t'" token="CHARCONST"><location loc="12.86--12.88"/></term><term lexeme=")" token="RPARENTHESIS"><location loc="12.89--12.89"/></term><term lexeme=";" token="SEMIC"><location loc="12.90--12.90"/></term><term lexeme="rec" token="REC"><location loc="13.5--13.7"/></term><term lexeme="ui" token="IDENTIFIER"><location loc="13.9--13.10"/></term><term lexeme="=" token="ASSIGN"><location loc="13.12--13.12"/></term><term lexeme="@" token="DATA"><location loc="13.14--13.14"/></term><term lexeme="z" token="IDENTIFIER"><location loc="13.15--13.15"/></term><term lexeme="z" token="IDENTIFIER"><location loc="14.5--14.5"/></term><term lexeme="=" token="ASSIGN"><location loc="14.7--14.7"/></term><term lexeme="none" token="VOIDCONST"><location loc="14.9--14.12"/></term><term lexeme="del" token="DEL"><location loc="15.5--15.7"/></term><term lexeme="z" token="IDENTIFIER"><location loc="15.9--15.9"/></term><term lexeme="typ" token="TYP"><location loc="17.5--17.7"/></term><term lexeme="where" token="WHERE"><location loc="17.9--17.13"/></term><term lexeme="(" token="LPARENTHESIS"><location loc="17.15--17.15"/></term><term lexeme="ui" token="IDENTIFIER"><location loc="17.16--17.17"/></term><term lexeme="==" token="EQU"><location loc="17.19--17.20"/></term><term lexeme="false" token="BOOLCONST"><location loc="17.22--17.26"/></term><term lexeme=")" token="RPARENTHESIS"><location loc="17.27--17.27"/></term><term lexeme="return" token="IDENTIFIER"><location loc="18.9--18.14"/></term><term lexeme="null" token="PTRCONST"><location loc="18.16--18.19"/></term><term lexeme="else" token="ELSE"><location loc="19.5--19.8"/></term><term lexeme="while" token="WHILE"><location loc="20.9--20.13"/></term><term lexeme="true" token="BOOLCONST"><location loc="20.15--20.18"/></term><term lexeme="==" token="EQU"><location loc="20.20--20.21"/></term><term lexeme="false" token="BOOLCONST"><location loc="20.23--20.27"/></term><term lexeme="do" token="DO"><location loc="20.29--20.30"/></term><term lexeme="nothing" token="IDENTIFIER"><location loc="20.32--20.38"/></term><term lexeme=";" token="SEMIC"><location loc="20.39--20.39"/></term><term lexeme="return" token="IDENTIFIER"><location loc="21.9--21.14"/></term><term lexeme="var" token="VAR"><location loc="21.16--21.18"/></term><term lexeme="$" token="ADDR"><location loc="21.20--21.20"/></term><term lexeme="ui" token="IDENTIFIER"><location loc="21.21--21.22"/></term><term lexeme="end" token="END"><location loc="22.9--22.11"/></term></lexan>